Using pre-set license
Built from '2022.3/staging' branch; Version is '2022.3.26f1 (ec6cd8118806) revision 15494360'; Using compiler version '192829333'; Build Type 'Release'
OS: 'Windows 11  (10.0.22631) 64bit CoreSingleLanguage' Language: 'es' Physical Memory: 16088 MB
BatchMode: 1, IsHumanControllingUs: 0, StartBugReporterOnCrash: 0, Is64bit: 1, IsPro: 1

COMMAND LINE ARGUMENTS:
C:\Program Files\Unity\Hub\Editor\2022.3.26f1\Editor\Unity.exe
-adb2
-batchMode
-noUpm
-name
AssetImportWorker9
-projectPath
C:/Users/Giancarlo/Desktop/UNITY_JUEGOS/InPhishing
-logFile
Logs/AssetImportWorker9.log
-srvPort
62411
Successfully changed project path to: C:/Users/Giancarlo/Desktop/UNITY_JUEGOS/InPhishing
C:/Users/Giancarlo/Desktop/UNITY_JUEGOS/InPhishing
[UnityMemory] Configuration Parameters - Can be set up in boot.config
    "memorysetup-bucket-allocator-granularity=16"
    "memorysetup-bucket-allocator-bucket-count=8"
    "memorysetup-bucket-allocator-block-size=33554432"
    "memorysetup-bucket-allocator-block-count=8"
    "memorysetup-main-allocator-block-size=16777216"
    "memorysetup-thread-allocator-block-size=16777216"
    "memorysetup-gfx-main-allocator-block-size=16777216"
    "memorysetup-gfx-thread-allocator-block-size=16777216"
    "memorysetup-cache-allocator-block-size=4194304"
    "memorysetup-typetree-allocator-block-size=2097152"
    "memorysetup-profiler-bucket-allocator-granularity=16"
    "memorysetup-profiler-bucket-allocator-bucket-count=8"
    "memorysetup-profiler-bucket-allocator-block-size=33554432"
    "memorysetup-profiler-bucket-allocator-block-count=8"
    "memorysetup-profiler-allocator-block-size=16777216"
    "memorysetup-profiler-editor-allocator-block-size=1048576"
    "memorysetup-temp-allocator-size-main=16777216"
    "memorysetup-job-temp-allocator-block-size=2097152"
    "memorysetup-job-temp-allocator-block-size-background=1048576"
    "memorysetup-job-temp-allocator-reduction-small-platforms=262144"
    "memorysetup-allocator-temp-initial-block-size-main=262144"
    "memorysetup-allocator-temp-initial-block-size-worker=262144"
    "memorysetup-temp-allocator-size-background-worker=32768"
    "memorysetup-temp-allocator-size-job-worker=262144"
    "memorysetup-temp-allocator-size-preload-manager=33554432"
    "memorysetup-temp-allocator-size-nav-mesh-worker=65536"
    "memorysetup-temp-allocator-size-audio-worker=65536"
    "memorysetup-temp-allocator-size-cloud-worker=32768"
    "memorysetup-temp-allocator-size-gi-baking-worker=262144"
    "memorysetup-temp-allocator-size-gfx=262144"
Player connection [19612] Host "[IP] 10.120.192.19 [Port] 0 [Flags] 2 [Guid] 1183298353 [EditorId] 1183298353 [Version] 1048832 [Id] WindowsEditor(7,ACER) [Debug] 1 [PackageName] WindowsEditor [ProjectName] Editor" joined multi-casting on [225.0.0.222:54997]...

Player connection [19612] Host "[IP] 10.120.192.19 [Port] 0 [Flags] 2 [Guid] 1183298353 [EditorId] 1183298353 [Version] 1048832 [Id] WindowsEditor(7,ACER) [Debug] 1 [PackageName] WindowsEditor [ProjectName] Editor" joined alternative multi-casting on [225.0.0.222:34997]...

[Physics::Module] Initialized MultithreadedJobDispatcher with 15 workers.
Refreshing native plugins compatible for Editor in 10.36 ms, found 4 plugins.
Preloading 0 native plugins for Editor in 0.00 ms.
Initialize engine version: 2022.3.26f1 (ec6cd8118806)
[Subsystems] Discovering subsystems at path C:/Program Files/Unity/Hub/Editor/2022.3.26f1/Editor/Data/Resources/UnitySubsystems
[Subsystems] Discovering subsystems at path C:/Users/Giancarlo/Desktop/UNITY_JUEGOS/InPhishing/Assets
GfxDevice: creating device client; threaded=0; jobified=0
Direct3D:
    Version:  Direct3D 11.0 [level 11.1]
    Renderer: NVIDIA GeForce RTX 3050 Laptop GPU (ID=0x25a2)
    Vendor:   NVIDIA
    VRAM:     3991 MB
    Driver:   30.0.15.1274
Initialize mono
Mono path[0] = 'C:/Program Files/Unity/Hub/Editor/2022.3.26f1/Editor/Data/Managed'
Mono path[1] = 'C:/Program Files/Unity/Hub/Editor/2022.3.26f1/Editor/Data/MonoBleedingEdge/lib/mono/unityjit-win32'
Mono config path = 'C:/Program Files/Unity/Hub/Editor/2022.3.26f1/Editor/Data/MonoBleedingEdge/etc'
Using monoOptions --debugger-agent=transport=dt_socket,embedding=1,server=y,suspend=n,address=127.0.0.1:56080
Begin MonoManager ReloadAssembly
Registering precompiled unity dll's ...
Register platform support module: C:/Program Files/Unity/Hub/Editor/2022.3.26f1/Editor/Data/PlaybackEngines/WebGLSupport/UnityEditor.WebGL.Extensions.dll
Register platform support module: C:/Program Files/Unity/Hub/Editor/2022.3.26f1/Editor/Data/PlaybackEngines/WindowsStandaloneSupport/UnityEditor.WindowsStandalone.Extensions.dll
Registered in 0.005333 seconds.
- Loaded All Assemblies, in  0.406 seconds
Native extension for WindowsStandalone target not found
Native extension for WebGL target not found
Mono: successfully reloaded assembly
- Finished resetting the current domain, in  0.278 seconds
Domain Reload Profiling: 684ms
	BeginReloadAssembly (125ms)
		ExecutionOrderSort (0ms)
		DisableScriptedObjects (0ms)
		BackupInstance (0ms)
		ReleaseScriptingObjects (0ms)
		CreateAndSetChildDomain (1ms)
	RebuildCommonClasses (38ms)
	RebuildNativeTypeToScriptingClass (11ms)
	initialDomainReloadingComplete (57ms)
	LoadAllAssembliesAndSetupDomain (174ms)
		LoadAssemblies (124ms)
		RebuildTransferFunctionScriptingTraits (0ms)
		AnalyzeDomain (171ms)
			TypeCache.Refresh (170ms)
				TypeCache.ScanAssembly (155ms)
			ScanForSourceGeneratedMonoScriptInfo (0ms)
			ResolveRequiredComponents (0ms)
	FinalizeReload (279ms)
		ReleaseScriptCaches (0ms)
		RebuildScriptCaches (0ms)
		SetupLoadedEditorAssemblies (219ms)
			LogAssemblyErrors (0ms)
			InitializePlatformSupportModulesInManaged (10ms)
			SetLoadedEditorAssemblies (6ms)
			RefreshPlugins (0ms)
			BeforeProcessingInitializeOnLoad (2ms)
			ProcessInitializeOnLoadAttributes (153ms)
			ProcessInitializeOnLoadMethodAttributes (48ms)
			AfterProcessingInitializeOnLoad (0ms)
			EditorAssembliesLoaded (0ms)
		ExecutionOrderSort2 (0ms)
		AwakeInstancesAfterBackupRestoration (0ms)
========================================================================
Worker process is ready to serve import requests
Begin MonoManager ReloadAssembly
- Loaded All Assemblies, in  0.612 seconds
Refreshing native plugins compatible for Editor in 4.41 ms, found 4 plugins.
Native extension for WindowsStandalone target not found
Native extension for WebGL target not found
Package Manager log level set to [2]
[Package Manager] Server::EnsureServerProcessIsRunning -- launch failed, reason: Unity was launched with the -noUpm command-line argument
[Package Manager] UpmClient::Send -- Unable to send message (not connected to UPM process).
[Package Manager] Cannot connect to Unity Package Manager local server
Mono: successfully reloaded assembly
- Finished resetting the current domain, in  0.698 seconds
Domain Reload Profiling: 1309ms
	BeginReloadAssembly (139ms)
		ExecutionOrderSort (0ms)
		DisableScriptedObjects (5ms)
		BackupInstance (0ms)
		ReleaseScriptingObjects (0ms)
		CreateAndSetChildDomain (22ms)
	RebuildCommonClasses (32ms)
	RebuildNativeTypeToScriptingClass (8ms)
	initialDomainReloadingComplete (40ms)
	LoadAllAssembliesAndSetupDomain (391ms)
		LoadAssemblies (290ms)
		RebuildTransferFunctionScriptingTraits (0ms)
		AnalyzeDomain (181ms)
			TypeCache.Refresh (151ms)
				TypeCache.ScanAssembly (133ms)
			ScanForSourceGeneratedMonoScriptInfo (23ms)
			ResolveRequiredComponents (6ms)
	FinalizeReload (698ms)
		ReleaseScriptCaches (0ms)
		RebuildScriptCaches (0ms)
		SetupLoadedEditorAssemblies (519ms)
			LogAssemblyErrors (0ms)
			InitializePlatformSupportModulesInManaged (6ms)
			SetLoadedEditorAssemblies (4ms)
			RefreshPlugins (0ms)
			BeforeProcessingInitializeOnLoad (70ms)
			ProcessInitializeOnLoadAttributes (389ms)
			ProcessInitializeOnLoadMethodAttributes (44ms)
			AfterProcessingInitializeOnLoad (5ms)
			EditorAssembliesLoaded (0ms)
		ExecutionOrderSort2 (0ms)
		AwakeInstancesAfterBackupRestoration (9ms)
Launched and connected shader compiler UnityShaderCompiler.exe after 0.08 seconds
Refreshing native plugins compatible for Editor in 3.98 ms, found 4 plugins.
Preloading 0 native plugins for Editor in 0.00 ms.
Unloading 4228 Unused Serialized files (Serialized files now loaded: 0)
Unloading 78 unused Assets / (136.5 KB). Loaded Objects now: 4688.
Memory consumption went from 152.1 MB to 152.0 MB.
Total: 4.100100 ms (FindLiveObjects: 0.402200 ms CreateObjectMapping: 0.181400 ms MarkObjects: 3.315100 ms  DeleteObjects: 0.200000 ms)

AssetImportParameters requested are different than current active one (requested -> active):
  custom:container-demuxer-ogg: 62fdf1f143b41e24485cea50d1cbac27 -> 
  custom:video-decoder-ogg-theora: a1e56fd34408186e4bbccfd4996cb3dc -> 
  custom:framework-win-MediaFoundation: 216162199b28c13a410421893ffa2e32 -> 
  custom:CustomObjectIndexerAttribute: 9a22284fe3817be447336de3de66b15e -> 
  custom:container-demuxer-webm: 4f35f7cbe854078d1ac9338744f61a02 -> 
  custom:container-muxer-webm: aa71ff27fc2769a1b78a27578f13a17b -> 
  custom:video-decoder-webm-vp8: 9c59270c3fd7afecdb556c50c9e8de78 -> 
  custom:SearchIndexIgnoredProperties: e643bd26f0fe6173181afceb89e7c659 -> 
  custom:AudioImporter_EditorPlatform: d09bf68614088b80899f8185d706f6e7 -> 
  custom:video-encoder-webm-vp8: eb34c28f22e8b96e1ab97ce403110664 -> 
  custom:audio-decoder-ogg-vorbis: bf7c407c2cedff20999df2af8eb42d56 -> 
  custom:audio-encoder-webm-vorbis: bf7c407c2cedff20999df2af8eb42d56 -> 
========================================================================
Received Import Request.
  Time since last request: 62230.761148 seconds.
  path: Assets/Mapa/Mapa_Tierra.png
  artifactKey: Guid(16d9029a38e72c24bb9d55c1fd42ebc8) Importer(815301076,1909f56bfc062723c751e8b465ee728b)
Start importing Assets/Mapa/Mapa_Tierra.png using Guid(16d9029a38e72c24bb9d55c1fd42ebc8) Importer(815301076,1909f56bfc062723c751e8b465ee728b)  -> (artifact id: '08fe082f28a726d5f1342f18d49adbf4') in 0.106404 seconds
Number of updated asset objects reloaded before import = 0
Number of asset objects unloaded after import = 3
========================================================================
Received Import Request.
  Time since last request: 2.293953 seconds.
  path: Assets/basic asset pack/Basic Demon Animations/nefarious scamp/NefariousScamp.png
  artifactKey: Guid(e46e83bd67250fa49a18508ca9e9c5a0) Importer(815301076,1909f56bfc062723c751e8b465ee728b)
Start importing Assets/basic asset pack/Basic Demon Animations/nefarious scamp/NefariousScamp.png using Guid(e46e83bd67250fa49a18508ca9e9c5a0) Importer(815301076,1909f56bfc062723c751e8b465ee728b)  -> (artifact id: 'f04d7746389247e0eb5e6d671d216fab') in 0.020650 seconds
Number of updated asset objects reloaded before import = 0
Number of asset objects unloaded after import = 3
========================================================================
Received Import Request.
  Time since last request: 0.200692 seconds.
  path: Assets/basic asset pack/Basic Demon Animations/pointed demonspawn/PointedDemonspawn.png
  artifactKey: Guid(595e4f3ff8dc41f46bbdca96b1195f45) Importer(815301076,1909f56bfc062723c751e8b465ee728b)
Start importing Assets/basic asset pack/Basic Demon Animations/pointed demonspawn/PointedDemonspawn.png using Guid(595e4f3ff8dc41f46bbdca96b1195f45) Importer(815301076,1909f56bfc062723c751e8b465ee728b)  -> (artifact id: '496bef1d0900f169ca454cc8da0249f4') in 0.020356 seconds
Number of updated asset objects reloaded before import = 0
Number of asset objects unloaded after import = 3
========================================================================
Received Import Request.
  Time since last request: 1.195748 seconds.
  path: Assets/GreenNinja/Special2.png
  artifactKey: Guid(21af3d3c376cd5546a0f87c604da1c52) Importer(815301076,1909f56bfc062723c751e8b465ee728b)
Start importing Assets/GreenNinja/Special2.png using Guid(21af3d3c376cd5546a0f87c604da1c52) Importer(815301076,1909f56bfc062723c751e8b465ee728b)  -> (artifact id: 'e96e527a0cc4507033494c504b4b8c86') in 0.022898 seconds
Number of updated asset objects reloaded before import = 0
Number of asset objects unloaded after import = 3
========================================================================
Received Import Request.
  Time since last request: 0.954812 seconds.
  path: Assets/Mapa/TilesetHouse.png
  artifactKey: Guid(8ff36f1852c5e30448634905422a0ddc) Importer(815301076,1909f56bfc062723c751e8b465ee728b)
Start importing Assets/Mapa/TilesetHouse.png using Guid(8ff36f1852c5e30448634905422a0ddc) Importer(815301076,1909f56bfc062723c751e8b465ee728b)  -> (artifact id: '08f39fcaea000d7453d8b4cb15e3e1a0') in 0.025666 seconds
Number of updated asset objects reloaded before import = 0
Number of asset objects unloaded after import = 3
========================================================================
Received Import Request.
  Time since last request: 0.024519 seconds.
  path: Assets/basic asset pack/Basic Demon Animations/warp skull/WarpSkull.gif
  artifactKey: Guid(5fa8034a45991494d9bde7cc0cdc5efc) Importer(815301076,1909f56bfc062723c751e8b465ee728b)
Start importing Assets/basic asset pack/Basic Demon Animations/warp skull/WarpSkull.gif using Guid(5fa8034a45991494d9bde7cc0cdc5efc) Importer(815301076,1909f56bfc062723c751e8b465ee728b)  -> (artifact id: 'b2286ac59d81e3a8644a77360dd0e5e3') in 0.022160 seconds
Number of updated asset objects reloaded before import = 0
Number of asset objects unloaded after import = 3
========================================================================
Received Import Request.
  Time since last request: 0.032476 seconds.
  path: Assets/Mapa/Interiores/warp skull/WarpSkull.aseprite
  artifactKey: Guid(cbbd6027a3f32f747a52165ce0e3e5a8) Importer(815301076,1909f56bfc062723c751e8b465ee728b)
Start importing Assets/Mapa/Interiores/warp skull/WarpSkull.aseprite using Guid(cbbd6027a3f32f747a52165ce0e3e5a8) Importer(815301076,1909f56bfc062723c751e8b465ee728b)  -> (artifact id: '5e8b93247749fe7a69abfb299a6497ca') in 0.060742 seconds
Number of updated asset objects reloaded before import = 0
Number of asset objects unloaded after import = 15
========================================================================
Received Import Request.
  Time since last request: 149.753240 seconds.
  path: Assets/Tiles/PrimerCirculo.asset
  artifactKey: Guid(bd6b63af07af96f4184388deeb56e143) Importer(815301076,1909f56bfc062723c751e8b465ee728b)
Start importing Assets/Tiles/PrimerCirculo.asset using Guid(bd6b63af07af96f4184388deeb56e143) Importer(815301076,1909f56bfc062723c751e8b465ee728b)  -> (artifact id: '67f42165cef53a2bac8df708d9e63059') in 0.026029 seconds
Number of updated asset objects reloaded before import = 0
Number of asset objects unloaded after import = 7
========================================================================
Received Import Request.
  Time since last request: 222.740938 seconds.
  path: Assets/Tiles/DALLÂ·E 2024-06-13 13.59.44 - A set of video game decoration sprites, each fitting within 16x16 or 20x20 pixels and in PNG format. The sprites are_ flames with flickering animation_0.asset
  artifactKey: Guid(16aa5541f9c8422429086a80a58a6fd5) Importer(815301076,1909f56bfc062723c751e8b465ee728b)
Start importing Assets/Tiles/DALLÂ·E 2024-06-13 13.59.44 - A set of video game decoration sprites, each fitting within 16x16 or 20x20 pixels and in PNG format. The sprites are_ flames with flickering animation_0.asset using Guid(16aa5541f9c8422429086a80a58a6fd5) Importer(815301076,1909f56bfc062723c751e8b465ee728b)  -> (artifact id: '8cf5d19b71f6b9ca6bba46c71c8b46bc') in 0.015055 seconds
Number of updated asset objects reloaded before import = 0
Number of asset objects unloaded after import = 1
========================================================================
Received Import Request.
  Time since last request: 5.714616 seconds.
  path: Assets/Tiles/Extra
  artifactKey: Guid(9debfaa227c411f49985a8b4f6f5d98b) Importer(815301076,1909f56bfc062723c751e8b465ee728b)
Start importing Assets/Tiles/Extra using Guid(9debfaa227c411f49985a8b4f6f5d98b) Importer(815301076,1909f56bfc062723c751e8b465ee728b)  -> (artifact id: '9cc7b96f8328fdc68c5efef1c92e8b33') in 0.010460 seconds
Number of updated asset objects reloaded before import = 0
Number of asset objects unloaded after import = 0
========================================================================
Received Import Request.
  Time since last request: 48.172810 seconds.
  path: Assets/Tiles/CuartoCirculo.asset
  artifactKey: Guid(6f6a8e23734c3cb46a98a6cbabbb6977) Importer(815301076,1909f56bfc062723c751e8b465ee728b)
Start importing Assets/Tiles/CuartoCirculo.asset using Guid(6f6a8e23734c3cb46a98a6cbabbb6977) Importer(815301076,1909f56bfc062723c751e8b465ee728b)  -> (artifact id: '25a1d78bed23cef9e7c239d05727b938') in 0.002328 seconds
Number of updated asset objects reloaded before import = 0
Number of asset objects unloaded after import = 1
========================================================================
Received Import Request.
  Time since last request: 73.376447 seconds.
  path: Assets/Trefab/arbolessecos.prefab
  artifactKey: Guid(97b3672dccb01084c908cbc1d1ddae62) Importer(815301076,1909f56bfc062723c751e8b465ee728b)
Start importing Assets/Trefab/arbolessecos.prefab using Guid(97b3672dccb01084c908cbc1d1ddae62) Importer(815301076,1909f56bfc062723c751e8b465ee728b)  -> (artifact id: '20a4f77c2227ae4074e138eb33f5f3f2') in 0.026793 seconds
Number of updated asset objects reloaded before import = 0
Number of asset objects unloaded after import = 8
========================================================================
Received Import Request.
  Time since last request: 0.000039 seconds.
  path: Assets/Trefab/Casa3.prefab
  artifactKey: Guid(3cbf6545e98b53947a2fe06d1475e95c) Importer(815301076,1909f56bfc062723c751e8b465ee728b)
Start importing Assets/Trefab/Casa3.prefab using Guid(3cbf6545e98b53947a2fe06d1475e95c) Importer(815301076,1909f56bfc062723c751e8b465ee728b)  -> (artifact id: 'ebc8b832235932256cef5e98527a978a') in 0.032585 seconds
Number of updated asset objects reloaded before import = 0
Number of asset objects unloaded after import = 8
========================================================================
Received Import Request.
  Time since last request: 0.000023 seconds.
  path: Assets/Trefab/tronco.prefab
  artifactKey: Guid(3115085602c9ad74ea5a1ccf71b81b14) Importer(815301076,1909f56bfc062723c751e8b465ee728b)
Start importing Assets/Trefab/tronco.prefab using Guid(3115085602c9ad74ea5a1ccf71b81b14) Importer(815301076,1909f56bfc062723c751e8b465ee728b)  -> (artifact id: '4ba1304804e37cb434f0834304b9a0da') in 0.028925 seconds
Number of updated asset objects reloaded before import = 0
Number of asset objects unloaded after import = 8
========================================================================
Received Import Request.
  Time since last request: 0.000027 seconds.
  path: Assets/Trefab/Casa1.prefab
  artifactKey: Guid(f30e3b9e98b49734f9942cb9d09b4352) Importer(815301076,1909f56bfc062723c751e8b465ee728b)
Start importing Assets/Trefab/Casa1.prefab using Guid(f30e3b9e98b49734f9942cb9d09b4352) Importer(815301076,1909f56bfc062723c751e8b465ee728b)  -> (artifact id: '06f68f67edbcc39ac9ad30ad384db4e2') in 0.018520 seconds
Number of updated asset objects reloaded before import = 0
Number of asset objects unloaded after import = 8
Editor requested this worker to shutdown with reason: Scaling down because of idle timeout
TcpMessagingSession - receive error: operation aborted. errorcode: 995, details: La operación de E/S se anuló por una salida de subproceso o por una solicitud de aplicación.
AssetImportWorker is now disconnected from the server
Process exiting
Exiting without the bug reporter. Application will terminate with return code 0