Using pre-set license
Built from '2022.3/staging' branch; Version is '2022.3.26f1 (ec6cd8118806) revision 15494360'; Using compiler version '192829333'; Build Type 'Release'
OS: 'Windows 11  (10.0.22631) 64bit CoreSingleLanguage' Language: 'es' Physical Memory: 16088 MB
BatchMode: 1, IsHumanControllingUs: 0, StartBugReporterOnCrash: 0, Is64bit: 1, IsPro: 1

COMMAND LINE ARGUMENTS:
C:\Program Files\Unity\Hub\Editor\2022.3.26f1\Editor\Unity.exe
-adb2
-batchMode
-noUpm
-name
AssetImportWorker4
-projectPath
C:/Users/Giancarlo/Desktop/UNITY_JUEGOS/InPhishing
-logFile
Logs/AssetImportWorker4.log
-srvPort
62411
Successfully changed project path to: C:/Users/Giancarlo/Desktop/UNITY_JUEGOS/InPhishing
C:/Users/Giancarlo/Desktop/UNITY_JUEGOS/InPhishing
[UnityMemory] Configuration Parameters - Can be set up in boot.config
    "memorysetup-bucket-allocator-granularity=16"
    "memorysetup-bucket-allocator-bucket-count=8"
    "memorysetup-bucket-allocator-block-size=33554432"
    "memorysetup-bucket-allocator-block-count=8"
    "memorysetup-main-allocator-block-size=16777216"
    "memorysetup-thread-allocator-block-size=16777216"
    "memorysetup-gfx-main-allocator-block-size=16777216"
    "memorysetup-gfx-thread-allocator-block-size=16777216"
    "memorysetup-cache-allocator-block-size=4194304"
    "memorysetup-typetree-allocator-block-size=2097152"
    "memorysetup-profiler-bucket-allocator-granularity=16"
    "memorysetup-profiler-bucket-allocator-bucket-count=8"
    "memorysetup-profiler-bucket-allocator-block-size=33554432"
    "memorysetup-profiler-bucket-allocator-block-count=8"
    "memorysetup-profiler-allocator-block-size=16777216"
    "memorysetup-profiler-editor-allocator-block-size=1048576"
    "memorysetup-temp-allocator-size-main=16777216"
    "memorysetup-job-temp-allocator-block-size=2097152"
    "memorysetup-job-temp-allocator-block-size-background=1048576"
    "memorysetup-job-temp-allocator-reduction-small-platforms=262144"
    "memorysetup-allocator-temp-initial-block-size-main=262144"
    "memorysetup-allocator-temp-initial-block-size-worker=262144"
    "memorysetup-temp-allocator-size-background-worker=32768"
    "memorysetup-temp-allocator-size-job-worker=262144"
    "memorysetup-temp-allocator-size-preload-manager=33554432"
    "memorysetup-temp-allocator-size-nav-mesh-worker=65536"
    "memorysetup-temp-allocator-size-audio-worker=65536"
    "memorysetup-temp-allocator-size-cloud-worker=32768"
    "memorysetup-temp-allocator-size-gi-baking-worker=262144"
    "memorysetup-temp-allocator-size-gfx=262144"
Player connection [20636] Host "[IP] 10.120.192.19 [Port] 0 [Flags] 2 [Guid] 451445701 [EditorId] 451445701 [Version] 1048832 [Id] WindowsEditor(7,ACER) [Debug] 1 [PackageName] WindowsEditor [ProjectName] Editor" joined multi-casting on [225.0.0.222:54997]...

Player connection [20636] Host "[IP] 10.120.192.19 [Port] 0 [Flags] 2 [Guid] 451445701 [EditorId] 451445701 [Version] 1048832 [Id] WindowsEditor(7,ACER) [Debug] 1 [PackageName] WindowsEditor [ProjectName] Editor" joined alternative multi-casting on [225.0.0.222:34997]...

[Physics::Module] Initialized MultithreadedJobDispatcher with 15 workers.
Refreshing native plugins compatible for Editor in 11.62 ms, found 4 plugins.
Preloading 0 native plugins for Editor in 0.00 ms.
Initialize engine version: 2022.3.26f1 (ec6cd8118806)
[Subsystems] Discovering subsystems at path C:/Program Files/Unity/Hub/Editor/2022.3.26f1/Editor/Data/Resources/UnitySubsystems
[Subsystems] Discovering subsystems at path C:/Users/Giancarlo/Desktop/UNITY_JUEGOS/InPhishing/Assets
GfxDevice: creating device client; threaded=0; jobified=0
Direct3D:
    Version:  Direct3D 11.0 [level 11.1]
    Renderer: NVIDIA GeForce RTX 3050 Laptop GPU (ID=0x25a2)
    Vendor:   NVIDIA
    VRAM:     3991 MB
    Driver:   30.0.15.1274
Initialize mono
Mono path[0] = 'C:/Program Files/Unity/Hub/Editor/2022.3.26f1/Editor/Data/Managed'
Mono path[1] = 'C:/Program Files/Unity/Hub/Editor/2022.3.26f1/Editor/Data/MonoBleedingEdge/lib/mono/unityjit-win32'
Mono config path = 'C:/Program Files/Unity/Hub/Editor/2022.3.26f1/Editor/Data/MonoBleedingEdge/etc'
Using monoOptions --debugger-agent=transport=dt_socket,embedding=1,server=y,suspend=n,address=127.0.0.1:56468
Begin MonoManager ReloadAssembly
Registering precompiled unity dll's ...
Register platform support module: C:/Program Files/Unity/Hub/Editor/2022.3.26f1/Editor/Data/PlaybackEngines/WebGLSupport/UnityEditor.WebGL.Extensions.dll
Register platform support module: C:/Program Files/Unity/Hub/Editor/2022.3.26f1/Editor/Data/PlaybackEngines/WindowsStandaloneSupport/UnityEditor.WindowsStandalone.Extensions.dll
Registered in 0.011163 seconds.
- Loaded All Assemblies, in  0.567 seconds
Native extension for WindowsStandalone target not found
Native extension for WebGL target not found
Mono: successfully reloaded assembly
- Finished resetting the current domain, in  0.448 seconds
Domain Reload Profiling: 1014ms
	BeginReloadAssembly (180ms)
		ExecutionOrderSort (0ms)
		DisableScriptedObjects (0ms)
		BackupInstance (0ms)
		ReleaseScriptingObjects (0ms)
		CreateAndSetChildDomain (1ms)
	RebuildCommonClasses (49ms)
	RebuildNativeTypeToScriptingClass (16ms)
	initialDomainReloadingComplete (84ms)
	LoadAllAssembliesAndSetupDomain (237ms)
		LoadAssemblies (178ms)
		RebuildTransferFunctionScriptingTraits (0ms)
		AnalyzeDomain (234ms)
			TypeCache.Refresh (232ms)
				TypeCache.ScanAssembly (213ms)
			ScanForSourceGeneratedMonoScriptInfo (1ms)
			ResolveRequiredComponents (1ms)
	FinalizeReload (449ms)
		ReleaseScriptCaches (0ms)
		RebuildScriptCaches (0ms)
		SetupLoadedEditorAssemblies (355ms)
			LogAssemblyErrors (0ms)
			InitializePlatformSupportModulesInManaged (16ms)
			SetLoadedEditorAssemblies (11ms)
			RefreshPlugins (0ms)
			BeforeProcessingInitializeOnLoad (4ms)
			ProcessInitializeOnLoadAttributes (248ms)
			ProcessInitializeOnLoadMethodAttributes (75ms)
			AfterProcessingInitializeOnLoad (0ms)
			EditorAssembliesLoaded (0ms)
		ExecutionOrderSort2 (0ms)
		AwakeInstancesAfterBackupRestoration (0ms)
========================================================================
Worker process is ready to serve import requests
Begin MonoManager ReloadAssembly
- Loaded All Assemblies, in  2.395 seconds
Refreshing native plugins compatible for Editor in 42.46 ms, found 4 plugins.
Native extension for WindowsStandalone target not found
Native extension for WebGL target not found
Package Manager log level set to [2]
[Package Manager] Server::EnsureServerProcessIsRunning -- launch failed, reason: Unity was launched with the -noUpm command-line argument
[Package Manager] UpmClient::Send -- Unable to send message (not connected to UPM process).
[Package Manager] Cannot connect to Unity Package Manager local server
Mono: successfully reloaded assembly
- Finished resetting the current domain, in  2.429 seconds
Domain Reload Profiling: 4814ms
	BeginReloadAssembly (292ms)
		ExecutionOrderSort (0ms)
		DisableScriptedObjects (8ms)
		BackupInstance (0ms)
		ReleaseScriptingObjects (0ms)
		CreateAndSetChildDomain (30ms)
	RebuildCommonClasses (135ms)
	RebuildNativeTypeToScriptingClass (39ms)
	initialDomainReloadingComplete (170ms)
	LoadAllAssembliesAndSetupDomain (1748ms)
		LoadAssemblies (1293ms)
		RebuildTransferFunctionScriptingTraits (0ms)
		AnalyzeDomain (654ms)
			TypeCache.Refresh (542ms)
				TypeCache.ScanAssembly (498ms)
			ScanForSourceGeneratedMonoScriptInfo (86ms)
			ResolveRequiredComponents (23ms)
	FinalizeReload (2430ms)
		ReleaseScriptCaches (0ms)
		RebuildScriptCaches (0ms)
		SetupLoadedEditorAssemblies (1864ms)
			LogAssemblyErrors (0ms)
			InitializePlatformSupportModulesInManaged (20ms)
			SetLoadedEditorAssemblies (10ms)
			RefreshPlugins (0ms)
			BeforeProcessingInitializeOnLoad (234ms)
			ProcessInitializeOnLoadAttributes (1424ms)
			ProcessInitializeOnLoadMethodAttributes (152ms)
			AfterProcessingInitializeOnLoad (22ms)
			EditorAssembliesLoaded (1ms)
		ExecutionOrderSort2 (0ms)
		AwakeInstancesAfterBackupRestoration (31ms)
Launched and connected shader compiler UnityShaderCompiler.exe after 0.10 seconds
Refreshing native plugins compatible for Editor in 13.99 ms, found 4 plugins.
Preloading 0 native plugins for Editor in 0.00 ms.
Unloading 4228 Unused Serialized files (Serialized files now loaded: 0)
Unloading 78 unused Assets / (136.6 KB). Loaded Objects now: 4688.
Memory consumption went from 152.0 MB to 151.9 MB.
Total: 9.541600 ms (FindLiveObjects: 0.791900 ms CreateObjectMapping: 0.361300 ms MarkObjects: 7.969700 ms  DeleteObjects: 0.415300 ms)

AssetImportParameters requested are different than current active one (requested -> active):
  custom:container-demuxer-ogg: 62fdf1f143b41e24485cea50d1cbac27 -> 
  custom:video-decoder-ogg-theora: a1e56fd34408186e4bbccfd4996cb3dc -> 
  custom:framework-win-MediaFoundation: 216162199b28c13a410421893ffa2e32 -> 
  custom:CustomObjectIndexerAttribute: 9a22284fe3817be447336de3de66b15e -> 
  custom:container-demuxer-webm: 4f35f7cbe854078d1ac9338744f61a02 -> 
  custom:container-muxer-webm: aa71ff27fc2769a1b78a27578f13a17b -> 
  custom:video-decoder-webm-vp8: 9c59270c3fd7afecdb556c50c9e8de78 -> 
  custom:SearchIndexIgnoredProperties: e643bd26f0fe6173181afceb89e7c659 -> 
  custom:AudioImporter_EditorPlatform: d09bf68614088b80899f8185d706f6e7 -> 
  custom:video-encoder-webm-vp8: eb34c28f22e8b96e1ab97ce403110664 -> 
  custom:audio-decoder-ogg-vorbis: bf7c407c2cedff20999df2af8eb42d56 -> 
  custom:audio-encoder-webm-vorbis: bf7c407c2cedff20999df2af8eb42d56 -> 
========================================================================
Received Import Request.
  Time since last request: 60851.150847 seconds.
  path: Assets/Mapa/TilesetElement.png
  artifactKey: Guid(6399c4ff863e44c43916b265f66317c7) Importer(815301076,1909f56bfc062723c751e8b465ee728b)
Start importing Assets/Mapa/TilesetElement.png using Guid(6399c4ff863e44c43916b265f66317c7) Importer(815301076,1909f56bfc062723c751e8b465ee728b)  -> (artifact id: 'd3c31e89b170753350c64ba6e7dae888') in 1.107491 seconds
Number of updated asset objects reloaded before import = 0
Number of asset objects unloaded after import = 148
========================================================================
Received Import Request.
  Time since last request: 30.939528 seconds.
  path: Assets/Tiles/RPG.prefab
  artifactKey: Guid(baaf1fa696d0ce34dbade3353766c347) Importer(815301076,1909f56bfc062723c751e8b465ee728b)
Start importing Assets/Tiles/RPG.prefab using Guid(baaf1fa696d0ce34dbade3353766c347) Importer(815301076,1909f56bfc062723c751e8b465ee728b)  -> (artifact id: 'e4ef7ccea8f15b2208ae98bd4f7f1963') in 0.090750 seconds
Number of updated asset objects reloaded before import = 0
Number of asset objects unloaded after import = 64
========================================================================
Received Import Request.
  Time since last request: 70.631382 seconds.
  path: Assets/basic asset pack/Basic Demon Animations/Depraved Blackguard/DepravedBlackguard.aseprite
  artifactKey: Guid(71b2b78c7aff2c5448ff518ddf8c2422) Importer(815301076,1909f56bfc062723c751e8b465ee728b)
Start importing Assets/basic asset pack/Basic Demon Animations/Depraved Blackguard/DepravedBlackguard.aseprite using Guid(71b2b78c7aff2c5448ff518ddf8c2422) Importer(815301076,1909f56bfc062723c751e8b465ee728b)  -> (artifact id: '97583ec8ed6bf04d44bd962ca702c5ff') in 0.071866 seconds
Number of updated asset objects reloaded before import = 0
Number of asset objects unloaded after import = 15
========================================================================
Received Import Request.
  Time since last request: 0.000025 seconds.
  path: Assets/basic asset pack/Basic Demon Animations/fledgling demon/FledglingDemon.aseprite
  artifactKey: Guid(4d44e87061a5bf54c959aee00b01c51a) Importer(815301076,1909f56bfc062723c751e8b465ee728b)
Start importing Assets/basic asset pack/Basic Demon Animations/fledgling demon/FledglingDemon.aseprite using Guid(4d44e87061a5bf54c959aee00b01c51a) Importer(815301076,1909f56bfc062723c751e8b465ee728b)  -> (artifact id: 'db8802bd6437806339f8a5b8a79d97d3') in 0.041999 seconds
Number of updated asset objects reloaded before import = 0
Number of asset objects unloaded after import = 15
========================================================================
Received Import Request.
  Time since last request: 0.000521 seconds.
  path: Assets/basic asset pack/Basic Demon Animations/floating eye/FloatingEye.png
  artifactKey: Guid(a9199a2f409705f4c8ad108be3ce4ad7) Importer(815301076,1909f56bfc062723c751e8b465ee728b)
Start importing Assets/basic asset pack/Basic Demon Animations/floating eye/FloatingEye.png using Guid(a9199a2f409705f4c8ad108be3ce4ad7) Importer(815301076,1909f56bfc062723c751e8b465ee728b)  -> (artifact id: 'ae07d3759204e1fc077adedbde2499cf') in 0.026926 seconds
Number of updated asset objects reloaded before import = 0
Number of asset objects unloaded after import = 3
========================================================================
Received Import Request.
  Time since last request: 0.000036 seconds.
  path: Assets/basic asset pack/Basic Demon Animations/fledgling demon/FledglingDemon.gif
  artifactKey: Guid(3a54ae79801399b478c9d3a3f8cb5529) Importer(815301076,1909f56bfc062723c751e8b465ee728b)
Start importing Assets/basic asset pack/Basic Demon Animations/fledgling demon/FledglingDemon.gif using Guid(3a54ae79801399b478c9d3a3f8cb5529) Importer(815301076,1909f56bfc062723c751e8b465ee728b)  -> (artifact id: 'fbd41104210d6d4c328c1a29b247ccbf') in 0.026675 seconds
Number of updated asset objects reloaded before import = 0
Number of asset objects unloaded after import = 3
========================================================================
Received Import Request.
  Time since last request: 0.000033 seconds.
  path: Assets/UI/EnemigoSeleccionadoMelee.png
  artifactKey: Guid(67428fab922e19a42a68e2549467ed03) Importer(815301076,1909f56bfc062723c751e8b465ee728b)
Start importing Assets/UI/EnemigoSeleccionadoMelee.png using Guid(67428fab922e19a42a68e2549467ed03) Importer(815301076,1909f56bfc062723c751e8b465ee728b)  -> (artifact id: '60f3b89db26b4288f2633f7688341d6a') in 0.023648 seconds
Number of updated asset objects reloaded before import = 0
Number of asset objects unloaded after import = 3
========================================================================
Received Import Request.
  Time since last request: 0.000029 seconds.
  path: Assets/basic asset pack/Basic Demon Animations/fledgling demon/FledglingDemon.png
  artifactKey: Guid(a18a83dfba2db2e42bf5232399e711b6) Importer(815301076,1909f56bfc062723c751e8b465ee728b)
Start importing Assets/basic asset pack/Basic Demon Animations/fledgling demon/FledglingDemon.png using Guid(a18a83dfba2db2e42bf5232399e711b6) Importer(815301076,1909f56bfc062723c751e8b465ee728b)  -> (artifact id: 'e7785cc8b3fb713c0f55ee27979f3bf7') in 0.026751 seconds
Number of updated asset objects reloaded before import = 0
Number of asset objects unloaded after import = 3
========================================================================
Received Import Request.
  Time since last request: 0.000029 seconds.
  path: Assets/UI/EnemigoSeleccionado.png
  artifactKey: Guid(7e8dc7a6aa2633344bb3b1ea8a9ab042) Importer(815301076,1909f56bfc062723c751e8b465ee728b)
Start importing Assets/UI/EnemigoSeleccionado.png using Guid(7e8dc7a6aa2633344bb3b1ea8a9ab042) Importer(815301076,1909f56bfc062723c751e8b465ee728b)  -> (artifact id: '7935edd1af60c06318b328b7e98b7e59') in 0.022025 seconds
Number of updated asset objects reloaded before import = 0
Number of asset objects unloaded after import = 3
Editor requested this worker to shutdown with reason: Scaling down because of idle timeout
TcpMessagingSession - receive error: operation aborted. errorcode: 995, details: La operación de E/S se anuló por una salida de subproceso o por una solicitud de aplicación.
AssetImportWorker is now disconnected from the server
Process exiting
Exiting without the bug reporter. Application will terminate with return code 0