Using pre-set license
Built from '2022.3/staging' branch; Version is '2022.3.26f1 (ec6cd8118806) revision 15494360'; Using compiler version '192829333'; Build Type 'Release'
OS: 'Windows 11  (10.0.22631) 64bit CoreSingleLanguage' Language: 'es' Physical Memory: 16088 MB
BatchMode: 1, IsHumanControllingUs: 0, StartBugReporterOnCrash: 0, Is64bit: 1, IsPro: 1

COMMAND LINE ARGUMENTS:
C:\Program Files\Unity\Hub\Editor\2022.3.26f1\Editor\Unity.exe
-adb2
-batchMode
-noUpm
-name
AssetImportWorker8
-projectPath
C:/Users/Giancarlo/Desktop/UNITY_JUEGOS/InPhishing
-logFile
Logs/AssetImportWorker8.log
-srvPort
62411
Successfully changed project path to: C:/Users/Giancarlo/Desktop/UNITY_JUEGOS/InPhishing
C:/Users/Giancarlo/Desktop/UNITY_JUEGOS/InPhishing
[UnityMemory] Configuration Parameters - Can be set up in boot.config
    "memorysetup-bucket-allocator-granularity=16"
    "memorysetup-bucket-allocator-bucket-count=8"
    "memorysetup-bucket-allocator-block-size=33554432"
    "memorysetup-bucket-allocator-block-count=8"
    "memorysetup-main-allocator-block-size=16777216"
    "memorysetup-thread-allocator-block-size=16777216"
    "memorysetup-gfx-main-allocator-block-size=16777216"
    "memorysetup-gfx-thread-allocator-block-size=16777216"
    "memorysetup-cache-allocator-block-size=4194304"
    "memorysetup-typetree-allocator-block-size=2097152"
    "memorysetup-profiler-bucket-allocator-granularity=16"
    "memorysetup-profiler-bucket-allocator-bucket-count=8"
    "memorysetup-profiler-bucket-allocator-block-size=33554432"
    "memorysetup-profiler-bucket-allocator-block-count=8"
    "memorysetup-profiler-allocator-block-size=16777216"
    "memorysetup-profiler-editor-allocator-block-size=1048576"
    "memorysetup-temp-allocator-size-main=16777216"
    "memorysetup-job-temp-allocator-block-size=2097152"
    "memorysetup-job-temp-allocator-block-size-background=1048576"
    "memorysetup-job-temp-allocator-reduction-small-platforms=262144"
    "memorysetup-allocator-temp-initial-block-size-main=262144"
    "memorysetup-allocator-temp-initial-block-size-worker=262144"
    "memorysetup-temp-allocator-size-background-worker=32768"
    "memorysetup-temp-allocator-size-job-worker=262144"
    "memorysetup-temp-allocator-size-preload-manager=33554432"
    "memorysetup-temp-allocator-size-nav-mesh-worker=65536"
    "memorysetup-temp-allocator-size-audio-worker=65536"
    "memorysetup-temp-allocator-size-cloud-worker=32768"
    "memorysetup-temp-allocator-size-gi-baking-worker=262144"
    "memorysetup-temp-allocator-size-gfx=262144"
Player connection [23360] Host "[IP] 10.120.192.19 [Port] 0 [Flags] 2 [Guid] 3516838505 [EditorId] 3516838505 [Version] 1048832 [Id] WindowsEditor(7,ACER) [Debug] 1 [PackageName] WindowsEditor [ProjectName] Editor" joined multi-casting on [225.0.0.222:54997]...

Player connection [23360] Host "[IP] 10.120.192.19 [Port] 0 [Flags] 2 [Guid] 3516838505 [EditorId] 3516838505 [Version] 1048832 [Id] WindowsEditor(7,ACER) [Debug] 1 [PackageName] WindowsEditor [ProjectName] Editor" joined alternative multi-casting on [225.0.0.222:34997]...

[Physics::Module] Initialized MultithreadedJobDispatcher with 15 workers.
Refreshing native plugins compatible for Editor in 17.77 ms, found 4 plugins.
Preloading 0 native plugins for Editor in 0.00 ms.
Initialize engine version: 2022.3.26f1 (ec6cd8118806)
[Subsystems] Discovering subsystems at path C:/Program Files/Unity/Hub/Editor/2022.3.26f1/Editor/Data/Resources/UnitySubsystems
[Subsystems] Discovering subsystems at path C:/Users/Giancarlo/Desktop/UNITY_JUEGOS/InPhishing/Assets
GfxDevice: creating device client; threaded=0; jobified=0
Direct3D:
    Version:  Direct3D 11.0 [level 11.1]
    Renderer: NVIDIA GeForce RTX 3050 Laptop GPU (ID=0x25a2)
    Vendor:   NVIDIA
    VRAM:     3991 MB
    Driver:   30.0.15.1274
Initialize mono
Mono path[0] = 'C:/Program Files/Unity/Hub/Editor/2022.3.26f1/Editor/Data/Managed'
Mono path[1] = 'C:/Program Files/Unity/Hub/Editor/2022.3.26f1/Editor/Data/MonoBleedingEdge/lib/mono/unityjit-win32'
Mono config path = 'C:/Program Files/Unity/Hub/Editor/2022.3.26f1/Editor/Data/MonoBleedingEdge/etc'
Using monoOptions --debugger-agent=transport=dt_socket,embedding=1,server=y,suspend=n,address=127.0.0.1:56296
Begin MonoManager ReloadAssembly
Registering precompiled unity dll's ...
Register platform support module: C:/Program Files/Unity/Hub/Editor/2022.3.26f1/Editor/Data/PlaybackEngines/WebGLSupport/UnityEditor.WebGL.Extensions.dll
Register platform support module: C:/Program Files/Unity/Hub/Editor/2022.3.26f1/Editor/Data/PlaybackEngines/WindowsStandaloneSupport/UnityEditor.WindowsStandalone.Extensions.dll
Registered in 0.013192 seconds.
- Loaded All Assemblies, in  0.516 seconds
Native extension for WindowsStandalone target not found
Native extension for WebGL target not found
Mono: successfully reloaded assembly
- Finished resetting the current domain, in  0.435 seconds
Domain Reload Profiling: 950ms
	BeginReloadAssembly (155ms)
		ExecutionOrderSort (0ms)
		DisableScriptedObjects (0ms)
		BackupInstance (0ms)
		ReleaseScriptingObjects (0ms)
		CreateAndSetChildDomain (1ms)
	RebuildCommonClasses (49ms)
	RebuildNativeTypeToScriptingClass (15ms)
	initialDomainReloadingComplete (90ms)
	LoadAllAssembliesAndSetupDomain (205ms)
		LoadAssemblies (153ms)
		RebuildTransferFunctionScriptingTraits (0ms)
		AnalyzeDomain (202ms)
			TypeCache.Refresh (200ms)
				TypeCache.ScanAssembly (183ms)
			ScanForSourceGeneratedMonoScriptInfo (1ms)
			ResolveRequiredComponents (1ms)
	FinalizeReload (436ms)
		ReleaseScriptCaches (0ms)
		RebuildScriptCaches (0ms)
		SetupLoadedEditorAssemblies (345ms)
			LogAssemblyErrors (0ms)
			InitializePlatformSupportModulesInManaged (14ms)
			SetLoadedEditorAssemblies (9ms)
			RefreshPlugins (0ms)
			BeforeProcessingInitializeOnLoad (3ms)
			ProcessInitializeOnLoadAttributes (234ms)
			ProcessInitializeOnLoadMethodAttributes (85ms)
			AfterProcessingInitializeOnLoad (0ms)
			EditorAssembliesLoaded (0ms)
		ExecutionOrderSort2 (0ms)
		AwakeInstancesAfterBackupRestoration (0ms)
========================================================================
Worker process is ready to serve import requests
Begin MonoManager ReloadAssembly
- Loaded All Assemblies, in  0.942 seconds
Refreshing native plugins compatible for Editor in 6.74 ms, found 4 plugins.
Native extension for WindowsStandalone target not found
Native extension for WebGL target not found
Package Manager log level set to [2]
[Package Manager] Server::EnsureServerProcessIsRunning -- launch failed, reason: Unity was launched with the -noUpm command-line argument
[Package Manager] UpmClient::Send -- Unable to send message (not connected to UPM process).
[Package Manager] Cannot connect to Unity Package Manager local server
Mono: successfully reloaded assembly
- Finished resetting the current domain, in  0.848 seconds
Domain Reload Profiling: 1788ms
	BeginReloadAssembly (201ms)
		ExecutionOrderSort (0ms)
		DisableScriptedObjects (6ms)
		BackupInstance (0ms)
		ReleaseScriptingObjects (0ms)
		CreateAndSetChildDomain (28ms)
	RebuildCommonClasses (44ms)
	RebuildNativeTypeToScriptingClass (13ms)
	initialDomainReloadingComplete (61ms)
	LoadAllAssembliesAndSetupDomain (619ms)
		LoadAssemblies (506ms)
		RebuildTransferFunctionScriptingTraits (0ms)
		AnalyzeDomain (236ms)
			TypeCache.Refresh (196ms)
				TypeCache.ScanAssembly (178ms)
			ScanForSourceGeneratedMonoScriptInfo (29ms)
			ResolveRequiredComponents (10ms)
	FinalizeReload (849ms)
		ReleaseScriptCaches (0ms)
		RebuildScriptCaches (0ms)
		SetupLoadedEditorAssemblies (607ms)
			LogAssemblyErrors (0ms)
			InitializePlatformSupportModulesInManaged (10ms)
			SetLoadedEditorAssemblies (5ms)
			RefreshPlugins (0ms)
			BeforeProcessingInitializeOnLoad (94ms)
			ProcessInitializeOnLoadAttributes (451ms)
			ProcessInitializeOnLoadMethodAttributes (41ms)
			AfterProcessingInitializeOnLoad (6ms)
			EditorAssembliesLoaded (0ms)
		ExecutionOrderSort2 (0ms)
		AwakeInstancesAfterBackupRestoration (10ms)
Launched and connected shader compiler UnityShaderCompiler.exe after 0.14 seconds
Refreshing native plugins compatible for Editor in 7.33 ms, found 4 plugins.
Preloading 0 native plugins for Editor in 0.00 ms.
Unloading 4228 Unused Serialized files (Serialized files now loaded: 0)
Unloading 78 unused Assets / (136.1 KB). Loaded Objects now: 4688.
Memory consumption went from 152.2 MB to 152.0 MB.
Total: 5.571800 ms (FindLiveObjects: 0.407500 ms CreateObjectMapping: 0.181800 ms MarkObjects: 4.784500 ms  DeleteObjects: 0.196300 ms)

AssetImportParameters requested are different than current active one (requested -> active):
  custom:container-demuxer-ogg: 62fdf1f143b41e24485cea50d1cbac27 -> 
  custom:video-decoder-ogg-theora: a1e56fd34408186e4bbccfd4996cb3dc -> 
  custom:framework-win-MediaFoundation: 216162199b28c13a410421893ffa2e32 -> 
  custom:CustomObjectIndexerAttribute: 9a22284fe3817be447336de3de66b15e -> 
  custom:container-demuxer-webm: 4f35f7cbe854078d1ac9338744f61a02 -> 
  custom:container-muxer-webm: aa71ff27fc2769a1b78a27578f13a17b -> 
  custom:video-decoder-webm-vp8: 9c59270c3fd7afecdb556c50c9e8de78 -> 
  custom:SearchIndexIgnoredProperties: e643bd26f0fe6173181afceb89e7c659 -> 
  custom:AudioImporter_EditorPlatform: d09bf68614088b80899f8185d706f6e7 -> 
  custom:video-encoder-webm-vp8: eb34c28f22e8b96e1ab97ce403110664 -> 
  custom:audio-decoder-ogg-vorbis: bf7c407c2cedff20999df2af8eb42d56 -> 
  custom:audio-encoder-webm-vorbis: bf7c407c2cedff20999df2af8eb42d56 -> 
========================================================================
Received Import Request.
  Time since last request: 61787.783449 seconds.
  path: Assets/Scripts/Extras/ZonaConfiner.cs
  artifactKey: Guid(4af13452ec561ae488d4a358bcd62bda) Importer(815301076,1909f56bfc062723c751e8b465ee728b)
Start importing Assets/Scripts/Extras/ZonaConfiner.cs using Guid(4af13452ec561ae488d4a358bcd62bda) Importer(815301076,1909f56bfc062723c751e8b465ee728b)  -> (artifact id: '7074e24cb09024add8c7797ee8558277') in 0.003498 seconds
Number of updated asset objects reloaded before import = 0
Number of asset objects unloaded after import = 0
========================================================================
Received Prepare
Begin MonoManager ReloadAssembly
- Loaded All Assemblies, in  0.397 seconds
Refreshing native plugins compatible for Editor in 4.21 ms, found 4 plugins.
Native extension for WindowsStandalone target not found
Native extension for WebGL target not found
[Package Manager] Server::EnsureServerProcessIsRunning -- launch failed, reason: Unity was launched with the -noUpm command-line argument
[Package Manager] UpmClient::Send -- Unable to send message (not connected to UPM process).
[Package Manager] Cannot connect to Unity Package Manager local server
Mono: successfully reloaded assembly
- Finished resetting the current domain, in  0.848 seconds
Domain Reload Profiling: 1243ms
	BeginReloadAssembly (135ms)
		ExecutionOrderSort (0ms)
		DisableScriptedObjects (11ms)
		BackupInstance (0ms)
		ReleaseScriptingObjects (0ms)
		CreateAndSetChildDomain (32ms)
	RebuildCommonClasses (27ms)
	RebuildNativeTypeToScriptingClass (12ms)
	initialDomainReloadingComplete (32ms)
	LoadAllAssembliesAndSetupDomain (188ms)
		LoadAssemblies (236ms)
		RebuildTransferFunctionScriptingTraits (0ms)
		AnalyzeDomain (15ms)
			TypeCache.Refresh (5ms)
				TypeCache.ScanAssembly (0ms)
			ScanForSourceGeneratedMonoScriptInfo (0ms)
			ResolveRequiredComponents (8ms)
	FinalizeReload (849ms)
		ReleaseScriptCaches (0ms)
		RebuildScriptCaches (0ms)
		SetupLoadedEditorAssemblies (374ms)
			LogAssemblyErrors (0ms)
			InitializePlatformSupportModulesInManaged (5ms)
			SetLoadedEditorAssemblies (4ms)
			RefreshPlugins (0ms)
			BeforeProcessingInitializeOnLoad (54ms)
			ProcessInitializeOnLoadAttributes (281ms)
			ProcessInitializeOnLoadMethodAttributes (25ms)
			AfterProcessingInitializeOnLoad (5ms)
			EditorAssembliesLoaded (0ms)
		ExecutionOrderSort2 (0ms)
		AwakeInstancesAfterBackupRestoration (11ms)
Refreshing native plugins compatible for Editor in 5.21 ms, found 4 plugins.
Preloading 0 native plugins for Editor in 0.00 ms.
Unloading 4202 Unused Serialized files (Serialized files now loaded: 0)
Unloading 38 unused Assets / (107.0 KB). Loaded Objects now: 4705.
Memory consumption went from 145.9 MB to 145.8 MB.
Total: 3.950500 ms (FindLiveObjects: 0.357000 ms CreateObjectMapping: 0.187000 ms MarkObjects: 3.327700 ms  DeleteObjects: 0.077500 ms)

Prepare: number of updated asset objects reloaded= 0
AssetImportParameters requested are different than current active one (requested -> active):
  custom:container-demuxer-ogg: 62fdf1f143b41e24485cea50d1cbac27 -> 
  custom:video-decoder-ogg-theora: a1e56fd34408186e4bbccfd4996cb3dc -> 
  custom:framework-win-MediaFoundation: 216162199b28c13a410421893ffa2e32 -> 
  custom:CustomObjectIndexerAttribute: 9a22284fe3817be447336de3de66b15e -> 
  custom:container-demuxer-webm: 4f35f7cbe854078d1ac9338744f61a02 -> 
  custom:container-muxer-webm: aa71ff27fc2769a1b78a27578f13a17b -> 
  custom:video-decoder-webm-vp8: 9c59270c3fd7afecdb556c50c9e8de78 -> 
  custom:SearchIndexIgnoredProperties: e643bd26f0fe6173181afceb89e7c659 -> 
  custom:AudioImporter_EditorPlatform: d09bf68614088b80899f8185d706f6e7 -> 
  custom:video-encoder-webm-vp8: eb34c28f22e8b96e1ab97ce403110664 -> 
  custom:audio-decoder-ogg-vorbis: bf7c407c2cedff20999df2af8eb42d56 -> 
  custom:audio-encoder-webm-vorbis: bf7c407c2cedff20999df2af8eb42d56 -> 
========================================================================
Received Import Request.
  Time since last request: 401.970830 seconds.
  path: Assets/Tiles/SegundoCirculo.asset
  artifactKey: Guid(6bd0966d199dbe24a91a983dab24195a) Importer(815301076,1909f56bfc062723c751e8b465ee728b)
Start importing Assets/Tiles/SegundoCirculo.asset using Guid(6bd0966d199dbe24a91a983dab24195a) Importer(815301076,1909f56bfc062723c751e8b465ee728b)  -> (artifact id: '56c7c9ba47e19bb278cc4dd0b4195b9d') in 0.105324 seconds
Number of updated asset objects reloaded before import = 0
Number of asset objects unloaded after import = 7
========================================================================
Received Import Request.
  Time since last request: 11.801452 seconds.
  path: Assets/Tiles/TercerCirculo.asset
  artifactKey: Guid(a13a11e2b51680345b4c45f94c4c35ca) Importer(815301076,1909f56bfc062723c751e8b465ee728b)
Start importing Assets/Tiles/TercerCirculo.asset using Guid(a13a11e2b51680345b4c45f94c4c35ca) Importer(815301076,1909f56bfc062723c751e8b465ee728b)  -> (artifact id: 'f0f714c75dedff9cbd77daa23ef5a94d') in 0.001973 seconds
Number of updated asset objects reloaded before import = 0
Number of asset objects unloaded after import = 1
========================================================================
Received Import Request.
  Time since last request: 19.511597 seconds.
  path: Assets/Mapa/dw.png
  artifactKey: Guid(f58bddd82db13094984d468ebeda92ab) Importer(815301076,1909f56bfc062723c751e8b465ee728b)
Start importing Assets/Mapa/dw.png using Guid(f58bddd82db13094984d468ebeda92ab) Importer(815301076,1909f56bfc062723c751e8b465ee728b)  -> (artifact id: '6a17da88b3450d6323993bf642e87f43') in 0.073448 seconds
Number of updated asset objects reloaded before import = 0
Number of asset objects unloaded after import = 3
========================================================================
Received Import Request.
  Time since last request: 0.835441 seconds.
  path: Assets/UI/Dialog/FacesetBox.png
  artifactKey: Guid(4f600009ebba3c84d9de4dfbc604c364) Importer(815301076,1909f56bfc062723c751e8b465ee728b)
Start importing Assets/UI/Dialog/FacesetBox.png using Guid(4f600009ebba3c84d9de4dfbc604c364) Importer(815301076,1909f56bfc062723c751e8b465ee728b)  -> (artifact id: '8da6d6a4cd5d0a75189861ac187edb95') in 0.024005 seconds
Number of updated asset objects reloaded before import = 0
Number of asset objects unloaded after import = 3
========================================================================
Received Import Request.
  Time since last request: 0.046197 seconds.
  path: Assets/basic asset pack/Basic Demon Animations/floating eye/FloatingEye.aseprite
  artifactKey: Guid(787d008ca0a667347b15d94664063cc2) Importer(815301076,1909f56bfc062723c751e8b465ee728b)
Start importing Assets/basic asset pack/Basic Demon Animations/floating eye/FloatingEye.aseprite using Guid(787d008ca0a667347b15d94664063cc2) Importer(815301076,1909f56bfc062723c751e8b465ee728b)  -> (artifact id: '384314348b810f15887e549f295c58b9') in 0.092508 seconds
Number of updated asset objects reloaded before import = 0
Number of asset objects unloaded after import = 15
========================================================================
Received Import Request.
  Time since last request: 0.000029 seconds.
  path: Assets/basic asset pack/Basic Demon Animations/foul gouger/FoulGouger.gif
  artifactKey: Guid(807b2fe602fafe64d9d1a86b27dfd77a) Importer(815301076,1909f56bfc062723c751e8b465ee728b)
Start importing Assets/basic asset pack/Basic Demon Animations/foul gouger/FoulGouger.gif using Guid(807b2fe602fafe64d9d1a86b27dfd77a) Importer(815301076,1909f56bfc062723c751e8b465ee728b)  -> (artifact id: 'ef300122bf0ae2ec2f48621e7302fc83') in 0.022154 seconds
Number of updated asset objects reloaded before import = 0
Number of asset objects unloaded after import = 3
========================================================================
Received Import Request.
  Time since last request: 0.000021 seconds.
  path: Assets/basic asset pack/Basic Demon Animations/foul gouger/FoulGouger.png
  artifactKey: Guid(5b8eb7f1836c7014eab0cb4f79665e1d) Importer(815301076,1909f56bfc062723c751e8b465ee728b)
Start importing Assets/basic asset pack/Basic Demon Animations/foul gouger/FoulGouger.png using Guid(5b8eb7f1836c7014eab0cb4f79665e1d) Importer(815301076,1909f56bfc062723c751e8b465ee728b)  -> (artifact id: 'c0814875157eae5ea3c9f7ef7693e722') in 0.021812 seconds
Number of updated asset objects reloaded before import = 0
Number of asset objects unloaded after import = 3
========================================================================
Received Import Request.
  Time since last request: 0.000165 seconds.
  path: Assets/Mapa/FondoBatalla.png
  artifactKey: Guid(4e97b4ddf684ae342a1c5a074c312d19) Importer(815301076,1909f56bfc062723c751e8b465ee728b)
Start importing Assets/Mapa/FondoBatalla.png using Guid(4e97b4ddf684ae342a1c5a074c312d19) Importer(815301076,1909f56bfc062723c751e8b465ee728b)  -> (artifact id: 'c5dc7e14d7740b352fee3c53f51cd8b3') in 0.030625 seconds
Number of updated asset objects reloaded before import = 0
Number of asset objects unloaded after import = 3
========================================================================
Received Import Request.
  Time since last request: 1.537615 seconds.
  path: Assets/basic asset pack/Basic Demon Animations/foul gouger/FoulGouger.aseprite
  artifactKey: Guid(5b740dfbe0c4abf4e8d6ad15aa138826) Importer(815301076,1909f56bfc062723c751e8b465ee728b)
Start importing Assets/basic asset pack/Basic Demon Animations/foul gouger/FoulGouger.aseprite using Guid(5b740dfbe0c4abf4e8d6ad15aa138826) Importer(815301076,1909f56bfc062723c751e8b465ee728b)  -> (artifact id: '7d25a7d45d2e77a8f1d164ecc03f2a16') in 0.028768 seconds
Number of updated asset objects reloaded before import = 0
Number of asset objects unloaded after import = 15
========================================================================
Received Import Request.
  Time since last request: 0.000019 seconds.
  path: Assets/GreenNinja/GreenNinja_Caminar_Arriba.png
  artifactKey: Guid(c373419c09abf644d93c3b43e0238d4e) Importer(815301076,1909f56bfc062723c751e8b465ee728b)
Start importing Assets/GreenNinja/GreenNinja_Caminar_Arriba.png using Guid(c373419c09abf644d93c3b43e0238d4e) Importer(815301076,1909f56bfc062723c751e8b465ee728b)  -> (artifact id: '65ab41d53b551ea3c8006ad39d62bb74') in 0.026240 seconds
Number of updated asset objects reloaded before import = 0
Number of asset objects unloaded after import = 6
========================================================================
Received Import Request.
  Time since last request: 0.030028 seconds.
  path: Assets/GreenNinja/GreenNinja_Caminar_IZquierda.png
  artifactKey: Guid(4ebe009d05680b0408a654948df481e8) Importer(815301076,1909f56bfc062723c751e8b465ee728b)
Start importing Assets/GreenNinja/GreenNinja_Caminar_IZquierda.png using Guid(4ebe009d05680b0408a654948df481e8) Importer(815301076,1909f56bfc062723c751e8b465ee728b)  -> (artifact id: 'b71b5b0c8a4a99f57ebe3cb6f7e25424') in 0.026397 seconds
Number of updated asset objects reloaded before import = 0
Number of asset objects unloaded after import = 6
========================================================================
Received Import Request.
  Time since last request: 0.915355 seconds.
  path: Assets/basic asset pack/Basic Demon Animations/grinning gremlin/GrinningGremlin.aseprite
  artifactKey: Guid(87d9f74619c9c2a48930771238703b5d) Importer(815301076,1909f56bfc062723c751e8b465ee728b)
Start importing Assets/basic asset pack/Basic Demon Animations/grinning gremlin/GrinningGremlin.aseprite using Guid(87d9f74619c9c2a48930771238703b5d) Importer(815301076,1909f56bfc062723c751e8b465ee728b)  -> (artifact id: '832dc30e293fbdde8158051218bf7b64') in 0.030049 seconds
Number of updated asset objects reloaded before import = 0
Number of asset objects unloaded after import = 15
========================================================================
Received Import Request.
  Time since last request: 0.000014 seconds.
  path: Assets/Mapa/Interiores/Infierno-removebg-preview.png
  artifactKey: Guid(21dde6998755e674fad5fb6363b24b53) Importer(815301076,1909f56bfc062723c751e8b465ee728b)
Start importing Assets/Mapa/Interiores/Infierno-removebg-preview.png using Guid(21dde6998755e674fad5fb6363b24b53) Importer(815301076,1909f56bfc062723c751e8b465ee728b)  -> (artifact id: '311a0966c8fe26b6095d9489c1a94377') in 0.050798 seconds
Number of updated asset objects reloaded before import = 0
Number of asset objects unloaded after import = 10
========================================================================
Received Import Request.
  Time since last request: 0.005331 seconds.
  path: Assets/Mapa/infierno3.png
  artifactKey: Guid(faa8221755f22b7449590d4e9db8b97d) Importer(815301076,1909f56bfc062723c751e8b465ee728b)
Start importing Assets/Mapa/infierno3.png using Guid(faa8221755f22b7449590d4e9db8b97d) Importer(815301076,1909f56bfc062723c751e8b465ee728b)  -> (artifact id: '5d1ffc9cbe4161d75aafab21688ff190') in 0.033289 seconds
Number of updated asset objects reloaded before import = 0
Number of asset objects unloaded after import = 4
========================================================================
Received Import Request.
  Time since last request: 0.000036 seconds.
  path: Assets/UI/Inventario.png
  artifactKey: Guid(eed81ab66cba244418f7aefe30bdddba) Importer(815301076,1909f56bfc062723c751e8b465ee728b)
Start importing Assets/UI/Inventario.png using Guid(eed81ab66cba244418f7aefe30bdddba) Importer(815301076,1909f56bfc062723c751e8b465ee728b)  -> (artifact id: 'bb9a3bea11328dad6c280bdb98bfc694') in 0.019938 seconds
Number of updated asset objects reloaded before import = 0
Number of asset objects unloaded after import = 3
========================================================================
Received Import Request.
  Time since last request: 0.587226 seconds.
  path: Assets/GreenNinja/Item.png
  artifactKey: Guid(2a96ba8259d05e343aee48049e66113e) Importer(815301076,1909f56bfc062723c751e8b465ee728b)
Start importing Assets/GreenNinja/Item.png using Guid(2a96ba8259d05e343aee48049e66113e) Importer(815301076,1909f56bfc062723c751e8b465ee728b)  -> (artifact id: '07f731e1894496d51a5c915ba521faca') in 0.020563 seconds
Number of updated asset objects reloaded before import = 0
Number of asset objects unloaded after import = 3
========================================================================
Received Import Request.
  Time since last request: 3.082387 seconds.
  path: Assets/Mapa/Interiores/Mapa_Interiores.png
  artifactKey: Guid(6fa46fabbde2e0e4c9383f747dc6b0d5) Importer(815301076,1909f56bfc062723c751e8b465ee728b)
Start importing Assets/Mapa/Interiores/Mapa_Interiores.png using Guid(6fa46fabbde2e0e4c9383f747dc6b0d5) Importer(815301076,1909f56bfc062723c751e8b465ee728b)  -> (artifact id: 'cf361dd81a6b3f5a8efa3f7c0b0508f0') in 0.025189 seconds
Number of updated asset objects reloaded before import = 0
Number of asset objects unloaded after import = 3
========================================================================
Received Import Request.
  Time since last request: 1.991292 seconds.
  path: Assets/Mapa/Interiores/Mapa_Interiores_Deco.png
  artifactKey: Guid(52c88da2c84ff174daff92022fe9f5fb) Importer(815301076,1909f56bfc062723c751e8b465ee728b)
Start importing Assets/Mapa/Interiores/Mapa_Interiores_Deco.png using Guid(52c88da2c84ff174daff92022fe9f5fb) Importer(815301076,1909f56bfc062723c751e8b465ee728b)  -> (artifact id: 'b4002cb68fc33476a1caa1eba4f39e67') in 0.021208 seconds
Number of updated asset objects reloaded before import = 0
Number of asset objects unloaded after import = 3
========================================================================
Received Import Request.
  Time since last request: 2.380689 seconds.
  path: Assets/basic asset pack/Basic Demon Animations/nefarious scamp/NefariousScamp.gif
  artifactKey: Guid(a5a777d4a855b9b498b1740be0bbe764) Importer(815301076,1909f56bfc062723c751e8b465ee728b)
Start importing Assets/basic asset pack/Basic Demon Animations/nefarious scamp/NefariousScamp.gif using Guid(a5a777d4a855b9b498b1740be0bbe764) Importer(815301076,1909f56bfc062723c751e8b465ee728b)  -> (artifact id: 'd43e2223e6ab867efd9e55a865e4ede3') in 0.019961 seconds
Number of updated asset objects reloaded before import = 0
Number of asset objects unloaded after import = 3
========================================================================
Received Import Request.
  Time since last request: 0.000023 seconds.
  path: Assets/UI/Dialog/NoButton.png
  artifactKey: Guid(56bf7582c54a20f4dbdfa8364543c3a0) Importer(815301076,1909f56bfc062723c751e8b465ee728b)
Start importing Assets/UI/Dialog/NoButton.png using Guid(56bf7582c54a20f4dbdfa8364543c3a0) Importer(815301076,1909f56bfc062723c751e8b465ee728b)  -> (artifact id: 'f04710e9840132e33501c2cb67edc246') in 0.020429 seconds
Number of updated asset objects reloaded before import = 0
Number of asset objects unloaded after import = 3
========================================================================
Received Import Request.
  Time since last request: 0.179709 seconds.
  path: Assets/basic asset pack/Basic Demon Animations/pointed demonspawn/PointedDemonspawn.gif
  artifactKey: Guid(0e48741650b4ef94bb6ed1e8f3a97398) Importer(815301076,1909f56bfc062723c751e8b465ee728b)
Start importing Assets/basic asset pack/Basic Demon Animations/pointed demonspawn/PointedDemonspawn.gif using Guid(0e48741650b4ef94bb6ed1e8f3a97398) Importer(815301076,1909f56bfc062723c751e8b465ee728b)  -> (artifact id: '0181e9d5af733d083ad3784e9b011fb2') in 0.021188 seconds
Number of updated asset objects reloaded before import = 0
Number of asset objects unloaded after import = 3
========================================================================
Received Import Request.
  Time since last request: 1.138322 seconds.
  path: Assets/basic asset pack/Basic Demon Animations/skewering stalker/SkeweringStalker.aseprite
  artifactKey: Guid(f88fc7da91e754e489f3900b6755847f) Importer(815301076,1909f56bfc062723c751e8b465ee728b)
Start importing Assets/basic asset pack/Basic Demon Animations/skewering stalker/SkeweringStalker.aseprite using Guid(f88fc7da91e754e489f3900b6755847f) Importer(815301076,1909f56bfc062723c751e8b465ee728b)  -> (artifact id: '71a2b41ff7f5b8e5b7ecdd44d7c8085e') in 0.033119 seconds
Number of updated asset objects reloaded before import = 0
Number of asset objects unloaded after import = 15
========================================================================
Received Import Request.
  Time since last request: 0.022152 seconds.
  path: Assets/GreenNinja/Special1.png
  artifactKey: Guid(981b1d5b8e68a774ba46bb67e623e6f8) Importer(815301076,1909f56bfc062723c751e8b465ee728b)
Start importing Assets/GreenNinja/Special1.png using Guid(981b1d5b8e68a774ba46bb67e623e6f8) Importer(815301076,1909f56bfc062723c751e8b465ee728b)  -> (artifact id: '40841293f4ad192e08b5588f88b4958b') in 0.019775 seconds
Number of updated asset objects reloaded before import = 0
Number of asset objects unloaded after import = 3
========================================================================
Received Import Request.
  Time since last request: 0.000018 seconds.
  path: Assets/basic asset pack/Basic Demon Animations/tainted scoundrel/TaintedScoundrel.aseprite
  artifactKey: Guid(abbd16f221d49464d83fa6dff2dab1da) Importer(815301076,1909f56bfc062723c751e8b465ee728b)
Start importing Assets/basic asset pack/Basic Demon Animations/tainted scoundrel/TaintedScoundrel.aseprite using Guid(abbd16f221d49464d83fa6dff2dab1da) Importer(815301076,1909f56bfc062723c751e8b465ee728b)  -> (artifact id: '5debd633cf5434b0dbba3ed47cb90959') in 0.034308 seconds
Number of updated asset objects reloaded before import = 0
Number of asset objects unloaded after import = 15
========================================================================
Received Import Request.
  Time since last request: 0.922390 seconds.
  path: Assets/Mapa/TilesetFloorDetail.png
  artifactKey: Guid(147e777f16c81a648a672145622b9ddb) Importer(815301076,1909f56bfc062723c751e8b465ee728b)
Start importing Assets/Mapa/TilesetFloorDetail.png using Guid(147e777f16c81a648a672145622b9ddb) Importer(815301076,1909f56bfc062723c751e8b465ee728b)  -> (artifact id: '5dcb62ae558778901d827fa45ba191d7') in 0.022434 seconds
Number of updated asset objects reloaded before import = 0
Number of asset objects unloaded after import = 3
========================================================================
Received Import Request.
  Time since last request: 0.027550 seconds.
  path: Assets/basic asset pack/Basic Demon Animations/warp skull/WarpSkull.png
  artifactKey: Guid(c9b0497287cfcb944bb2032467a1ff5a) Importer(815301076,1909f56bfc062723c751e8b465ee728b)
Start importing Assets/basic asset pack/Basic Demon Animations/warp skull/WarpSkull.png using Guid(c9b0497287cfcb944bb2032467a1ff5a) Importer(815301076,1909f56bfc062723c751e8b465ee728b)  -> (artifact id: 'e9cfb6879b1d0ab7bd3de21c55ba3fe6') in 0.020733 seconds
Number of updated asset objects reloaded before import = 0
Number of asset objects unloaded after import = 3
========================================================================
Received Import Request.
  Time since last request: 0.000020 seconds.
  path: Assets/Mapa/Interiores/warp skull/WarpSkull.gif
  artifactKey: Guid(9355c41e38227c648968789b311f0759) Importer(815301076,1909f56bfc062723c751e8b465ee728b)
Start importing Assets/Mapa/Interiores/warp skull/WarpSkull.gif using Guid(9355c41e38227c648968789b311f0759) Importer(815301076,1909f56bfc062723c751e8b465ee728b)  -> (artifact id: 'c4731d53de78279e5ceee6bef442a8fa') in 0.008725 seconds
Number of updated asset objects reloaded before import = 0
Number of asset objects unloaded after import = 3
========================================================================
Received Import Request.
  Time since last request: 0.024639 seconds.
  path: Assets/basic asset pack/Basic Demon Animations/warp skull/WarpSkull.aseprite
  artifactKey: Guid(3b45654d61453a840bed0e3719a6e7c2) Importer(815301076,1909f56bfc062723c751e8b465ee728b)
Start importing Assets/basic asset pack/Basic Demon Animations/warp skull/WarpSkull.aseprite using Guid(3b45654d61453a840bed0e3719a6e7c2) Importer(815301076,1909f56bfc062723c751e8b465ee728b)  -> (artifact id: 'f14c725e9f27f4d7d32fb8f22a74cc31') in 0.027647 seconds
Number of updated asset objects reloaded before import = 0
Number of asset objects unloaded after import = 15
Editor requested this worker to shutdown with reason: Scaling down because of idle timeout
TcpMessagingSession - receive error
AssetImportWorkerClient::OnTransportError - code=2 error=End of file
AssetImportWorker is now disconnected from the server
Process exiting
Exiting without the bug reporter. Application will terminate with return code 0