Using pre-set license
Built from '2022.3/staging' branch; Version is '2022.3.26f1 (ec6cd8118806) revision 15494360'; Using compiler version '192829333'; Build Type 'Release'
OS: 'Windows 11  (10.0.22631) 64bit CoreSingleLanguage' Language: 'es' Physical Memory: 16088 MB
BatchMode: 1, IsHumanControllingUs: 0, StartBugReporterOnCrash: 0, Is64bit: 1, IsPro: 1

COMMAND LINE ARGUMENTS:
C:\Program Files\Unity\Hub\Editor\2022.3.26f1\Editor\Unity.exe
-adb2
-batchMode
-noUpm
-name
AssetImportWorker7
-projectPath
C:/Users/Giancarlo/Desktop/UNITY_JUEGOS/InPhishing
-logFile
Logs/AssetImportWorker7.log
-srvPort
62411
Successfully changed project path to: C:/Users/Giancarlo/Desktop/UNITY_JUEGOS/InPhishing
C:/Users/Giancarlo/Desktop/UNITY_JUEGOS/InPhishing
[UnityMemory] Configuration Parameters - Can be set up in boot.config
    "memorysetup-bucket-allocator-granularity=16"
    "memorysetup-bucket-allocator-bucket-count=8"
    "memorysetup-bucket-allocator-block-size=33554432"
    "memorysetup-bucket-allocator-block-count=8"
    "memorysetup-main-allocator-block-size=16777216"
    "memorysetup-thread-allocator-block-size=16777216"
    "memorysetup-gfx-main-allocator-block-size=16777216"
    "memorysetup-gfx-thread-allocator-block-size=16777216"
    "memorysetup-cache-allocator-block-size=4194304"
    "memorysetup-typetree-allocator-block-size=2097152"
    "memorysetup-profiler-bucket-allocator-granularity=16"
    "memorysetup-profiler-bucket-allocator-bucket-count=8"
    "memorysetup-profiler-bucket-allocator-block-size=33554432"
    "memorysetup-profiler-bucket-allocator-block-count=8"
    "memorysetup-profiler-allocator-block-size=16777216"
    "memorysetup-profiler-editor-allocator-block-size=1048576"
    "memorysetup-temp-allocator-size-main=16777216"
    "memorysetup-job-temp-allocator-block-size=2097152"
    "memorysetup-job-temp-allocator-block-size-background=1048576"
    "memorysetup-job-temp-allocator-reduction-small-platforms=262144"
    "memorysetup-allocator-temp-initial-block-size-main=262144"
    "memorysetup-allocator-temp-initial-block-size-worker=262144"
    "memorysetup-temp-allocator-size-background-worker=32768"
    "memorysetup-temp-allocator-size-job-worker=262144"
    "memorysetup-temp-allocator-size-preload-manager=33554432"
    "memorysetup-temp-allocator-size-nav-mesh-worker=65536"
    "memorysetup-temp-allocator-size-audio-worker=65536"
    "memorysetup-temp-allocator-size-cloud-worker=32768"
    "memorysetup-temp-allocator-size-gi-baking-worker=262144"
    "memorysetup-temp-allocator-size-gfx=262144"
Player connection [11392] Host "[IP] 10.120.192.19 [Port] 0 [Flags] 2 [Guid] 566496710 [EditorId] 566496710 [Version] 1048832 [Id] WindowsEditor(7,ACER) [Debug] 1 [PackageName] WindowsEditor [ProjectName] Editor" joined multi-casting on [225.0.0.222:54997]...

Player connection [11392] Host "[IP] 10.120.192.19 [Port] 0 [Flags] 2 [Guid] 566496710 [EditorId] 566496710 [Version] 1048832 [Id] WindowsEditor(7,ACER) [Debug] 1 [PackageName] WindowsEditor [ProjectName] Editor" joined alternative multi-casting on [225.0.0.222:34997]...

[Physics::Module] Initialized MultithreadedJobDispatcher with 15 workers.
Refreshing native plugins compatible for Editor in 18.11 ms, found 4 plugins.
Preloading 0 native plugins for Editor in 0.00 ms.
Initialize engine version: 2022.3.26f1 (ec6cd8118806)
[Subsystems] Discovering subsystems at path C:/Program Files/Unity/Hub/Editor/2022.3.26f1/Editor/Data/Resources/UnitySubsystems
[Subsystems] Discovering subsystems at path C:/Users/Giancarlo/Desktop/UNITY_JUEGOS/InPhishing/Assets
GfxDevice: creating device client; threaded=0; jobified=0
Direct3D:
    Version:  Direct3D 11.0 [level 11.1]
    Renderer: NVIDIA GeForce RTX 3050 Laptop GPU (ID=0x25a2)
    Vendor:   NVIDIA
    VRAM:     3991 MB
    Driver:   30.0.15.1274
Initialize mono
Mono path[0] = 'C:/Program Files/Unity/Hub/Editor/2022.3.26f1/Editor/Data/Managed'
Mono path[1] = 'C:/Program Files/Unity/Hub/Editor/2022.3.26f1/Editor/Data/MonoBleedingEdge/lib/mono/unityjit-win32'
Mono config path = 'C:/Program Files/Unity/Hub/Editor/2022.3.26f1/Editor/Data/MonoBleedingEdge/etc'
Using monoOptions --debugger-agent=transport=dt_socket,embedding=1,server=y,suspend=n,address=127.0.0.1:56028
Begin MonoManager ReloadAssembly
Registering precompiled unity dll's ...
Register platform support module: C:/Program Files/Unity/Hub/Editor/2022.3.26f1/Editor/Data/PlaybackEngines/WebGLSupport/UnityEditor.WebGL.Extensions.dll
Register platform support module: C:/Program Files/Unity/Hub/Editor/2022.3.26f1/Editor/Data/PlaybackEngines/WindowsStandaloneSupport/UnityEditor.WindowsStandalone.Extensions.dll
Registered in 0.011987 seconds.
- Loaded All Assemblies, in  0.515 seconds
Native extension for WindowsStandalone target not found
Native extension for WebGL target not found
Mono: successfully reloaded assembly
- Finished resetting the current domain, in  0.431 seconds
Domain Reload Profiling: 945ms
	BeginReloadAssembly (152ms)
		ExecutionOrderSort (0ms)
		DisableScriptedObjects (0ms)
		BackupInstance (0ms)
		ReleaseScriptingObjects (0ms)
		CreateAndSetChildDomain (1ms)
	RebuildCommonClasses (47ms)
	RebuildNativeTypeToScriptingClass (14ms)
	initialDomainReloadingComplete (95ms)
	LoadAllAssembliesAndSetupDomain (205ms)
		LoadAssemblies (150ms)
		RebuildTransferFunctionScriptingTraits (0ms)
		AnalyzeDomain (203ms)
			TypeCache.Refresh (201ms)
				TypeCache.ScanAssembly (183ms)
			ScanForSourceGeneratedMonoScriptInfo (0ms)
			ResolveRequiredComponents (1ms)
	FinalizeReload (432ms)
		ReleaseScriptCaches (0ms)
		RebuildScriptCaches (0ms)
		SetupLoadedEditorAssemblies (344ms)
			LogAssemblyErrors (0ms)
			InitializePlatformSupportModulesInManaged (15ms)
			SetLoadedEditorAssemblies (9ms)
			RefreshPlugins (0ms)
			BeforeProcessingInitializeOnLoad (3ms)
			ProcessInitializeOnLoadAttributes (233ms)
			ProcessInitializeOnLoadMethodAttributes (84ms)
			AfterProcessingInitializeOnLoad (0ms)
			EditorAssembliesLoaded (0ms)
		ExecutionOrderSort2 (0ms)
		AwakeInstancesAfterBackupRestoration (0ms)
========================================================================
Worker process is ready to serve import requests
Begin MonoManager ReloadAssembly
- Loaded All Assemblies, in  0.949 seconds
Refreshing native plugins compatible for Editor in 5.77 ms, found 4 plugins.
Native extension for WindowsStandalone target not found
Native extension for WebGL target not found
Package Manager log level set to [2]
[Package Manager] Server::EnsureServerProcessIsRunning -- launch failed, reason: Unity was launched with the -noUpm command-line argument
[Package Manager] UpmClient::Send -- Unable to send message (not connected to UPM process).
[Package Manager] Cannot connect to Unity Package Manager local server
Mono: successfully reloaded assembly
- Finished resetting the current domain, in  0.840 seconds
Domain Reload Profiling: 1785ms
	BeginReloadAssembly (203ms)
		ExecutionOrderSort (0ms)
		DisableScriptedObjects (7ms)
		BackupInstance (0ms)
		ReleaseScriptingObjects (0ms)
		CreateAndSetChildDomain (28ms)
	RebuildCommonClasses (50ms)
	RebuildNativeTypeToScriptingClass (13ms)
	initialDomainReloadingComplete (64ms)
	LoadAllAssembliesAndSetupDomain (615ms)
		LoadAssemblies (493ms)
		RebuildTransferFunctionScriptingTraits (0ms)
		AnalyzeDomain (246ms)
			TypeCache.Refresh (206ms)
				TypeCache.ScanAssembly (186ms)
			ScanForSourceGeneratedMonoScriptInfo (30ms)
			ResolveRequiredComponents (9ms)
	FinalizeReload (840ms)
		ReleaseScriptCaches (0ms)
		RebuildScriptCaches (0ms)
		SetupLoadedEditorAssemblies (605ms)
			LogAssemblyErrors (0ms)
			InitializePlatformSupportModulesInManaged (9ms)
			SetLoadedEditorAssemblies (5ms)
			RefreshPlugins (0ms)
			BeforeProcessingInitializeOnLoad (92ms)
			ProcessInitializeOnLoadAttributes (450ms)
			ProcessInitializeOnLoadMethodAttributes (42ms)
			AfterProcessingInitializeOnLoad (6ms)
			EditorAssembliesLoaded (0ms)
		ExecutionOrderSort2 (0ms)
		AwakeInstancesAfterBackupRestoration (10ms)
Launched and connected shader compiler UnityShaderCompiler.exe after 0.13 seconds
Refreshing native plugins compatible for Editor in 6.97 ms, found 4 plugins.
Preloading 0 native plugins for Editor in 0.00 ms.
Unloading 4228 Unused Serialized files (Serialized files now loaded: 0)
Unloading 78 unused Assets / (136.2 KB). Loaded Objects now: 4688.
Memory consumption went from 152.2 MB to 152.0 MB.
Total: 4.350000 ms (FindLiveObjects: 0.312800 ms CreateObjectMapping: 0.144700 ms MarkObjects: 3.695400 ms  DeleteObjects: 0.195400 ms)

AssetImportParameters requested are different than current active one (requested -> active):
  custom:container-demuxer-ogg: 62fdf1f143b41e24485cea50d1cbac27 -> 
  custom:video-decoder-ogg-theora: a1e56fd34408186e4bbccfd4996cb3dc -> 
  custom:framework-win-MediaFoundation: 216162199b28c13a410421893ffa2e32 -> 
  custom:CustomObjectIndexerAttribute: 9a22284fe3817be447336de3de66b15e -> 
  custom:container-demuxer-webm: 4f35f7cbe854078d1ac9338744f61a02 -> 
  custom:container-muxer-webm: aa71ff27fc2769a1b78a27578f13a17b -> 
  custom:video-decoder-webm-vp8: 9c59270c3fd7afecdb556c50c9e8de78 -> 
  custom:SearchIndexIgnoredProperties: e643bd26f0fe6173181afceb89e7c659 -> 
  custom:AudioImporter_EditorPlatform: d09bf68614088b80899f8185d706f6e7 -> 
  custom:video-encoder-webm-vp8: eb34c28f22e8b96e1ab97ce403110664 -> 
  custom:audio-decoder-ogg-vorbis: bf7c407c2cedff20999df2af8eb42d56 -> 
  custom:audio-encoder-webm-vorbis: bf7c407c2cedff20999df2af8eb42d56 -> 
========================================================================
Received Prepare
Begin MonoManager ReloadAssembly
- Loaded All Assemblies, in  0.404 seconds
Refreshing native plugins compatible for Editor in 3.52 ms, found 4 plugins.
Native extension for WindowsStandalone target not found
Native extension for WebGL target not found
[Package Manager] Server::EnsureServerProcessIsRunning -- launch failed, reason: Unity was launched with the -noUpm command-line argument
[Package Manager] UpmClient::Send -- Unable to send message (not connected to UPM process).
[Package Manager] Cannot connect to Unity Package Manager local server
Mono: successfully reloaded assembly
- Finished resetting the current domain, in  0.814 seconds
Domain Reload Profiling: 1215ms
	BeginReloadAssembly (143ms)
		ExecutionOrderSort (0ms)
		DisableScriptedObjects (10ms)
		BackupInstance (0ms)
		ReleaseScriptingObjects (0ms)
		CreateAndSetChildDomain (34ms)
	RebuildCommonClasses (31ms)
	RebuildNativeTypeToScriptingClass (14ms)
	initialDomainReloadingComplete (31ms)
	LoadAllAssembliesAndSetupDomain (182ms)
		LoadAssemblies (244ms)
		RebuildTransferFunctionScriptingTraits (0ms)
		AnalyzeDomain (11ms)
			TypeCache.Refresh (5ms)
				TypeCache.ScanAssembly (0ms)
			ScanForSourceGeneratedMonoScriptInfo (0ms)
			ResolveRequiredComponents (5ms)
	FinalizeReload (814ms)
		ReleaseScriptCaches (0ms)
		RebuildScriptCaches (0ms)
		SetupLoadedEditorAssemblies (362ms)
			LogAssemblyErrors (0ms)
			InitializePlatformSupportModulesInManaged (5ms)
			SetLoadedEditorAssemblies (3ms)
			RefreshPlugins (0ms)
			BeforeProcessingInitializeOnLoad (58ms)
			ProcessInitializeOnLoadAttributes (264ms)
			ProcessInitializeOnLoadMethodAttributes (29ms)
			AfterProcessingInitializeOnLoad (3ms)
			EditorAssembliesLoaded (0ms)
		ExecutionOrderSort2 (0ms)
		AwakeInstancesAfterBackupRestoration (10ms)
Refreshing native plugins compatible for Editor in 4.32 ms, found 4 plugins.
Preloading 0 native plugins for Editor in 0.00 ms.
Unloading 4203 Unused Serialized files (Serialized files now loaded: 0)
Unloading 38 unused Assets / (107.0 KB). Loaded Objects now: 4705.
Memory consumption went from 146.2 MB to 146.1 MB.
Total: 3.565200 ms (FindLiveObjects: 0.272200 ms CreateObjectMapping: 0.120000 ms MarkObjects: 3.018500 ms  DeleteObjects: 0.153200 ms)

Prepare: number of updated asset objects reloaded= 0
AssetImportParameters requested are different than current active one (requested -> active):
  custom:container-demuxer-ogg: 62fdf1f143b41e24485cea50d1cbac27 -> 
  custom:video-decoder-ogg-theora: a1e56fd34408186e4bbccfd4996cb3dc -> 
  custom:framework-win-MediaFoundation: 216162199b28c13a410421893ffa2e32 -> 
  custom:CustomObjectIndexerAttribute: 9a22284fe3817be447336de3de66b15e -> 
  custom:container-demuxer-webm: 4f35f7cbe854078d1ac9338744f61a02 -> 
  custom:container-muxer-webm: aa71ff27fc2769a1b78a27578f13a17b -> 
  custom:video-decoder-webm-vp8: 9c59270c3fd7afecdb556c50c9e8de78 -> 
  custom:SearchIndexIgnoredProperties: e643bd26f0fe6173181afceb89e7c659 -> 
  custom:AudioImporter_EditorPlatform: d09bf68614088b80899f8185d706f6e7 -> 
  custom:video-encoder-webm-vp8: eb34c28f22e8b96e1ab97ce403110664 -> 
  custom:audio-decoder-ogg-vorbis: bf7c407c2cedff20999df2af8eb42d56 -> 
  custom:audio-encoder-webm-vorbis: bf7c407c2cedff20999df2af8eb42d56 -> 
========================================================================
Received Import Request.
  Time since last request: 62222.169140 seconds.
  path: Assets/FondoBatalla.png
  artifactKey: Guid(3f5af01b701266146a7b295f21e8fa99) Importer(815301076,1909f56bfc062723c751e8b465ee728b)
Start importing Assets/FondoBatalla.png using Guid(3f5af01b701266146a7b295f21e8fa99) Importer(815301076,1909f56bfc062723c751e8b465ee728b)  -> (artifact id: '1955223e55c0f11cc6fcdb25a52002a5') in 0.147891 seconds
Number of updated asset objects reloaded before import = 0
Number of asset objects unloaded after import = 3
========================================================================
Received Import Request.
  Time since last request: 1.558148 seconds.
  path: Assets/GreenNinja/GreenNinja_Caminar_Abajo.png
  artifactKey: Guid(6b9c4c994f1a6564593917e8778d5ba7) Importer(815301076,1909f56bfc062723c751e8b465ee728b)
Start importing Assets/GreenNinja/GreenNinja_Caminar_Abajo.png using Guid(6b9c4c994f1a6564593917e8778d5ba7) Importer(815301076,1909f56bfc062723c751e8b465ee728b)  -> (artifact id: '08e370c791addde94262ee0a48385651') in 0.027695 seconds
Number of updated asset objects reloaded before import = 0
Number of asset objects unloaded after import = 6
========================================================================
Received Import Request.
  Time since last request: 0.000015 seconds.
  path: Assets/GreenNinja/GreenNinja_Caminar_Derecha.png
  artifactKey: Guid(3c85530c64f732242bf59a41776f7285) Importer(815301076,1909f56bfc062723c751e8b465ee728b)
Start importing Assets/GreenNinja/GreenNinja_Caminar_Derecha.png using Guid(3c85530c64f732242bf59a41776f7285) Importer(815301076,1909f56bfc062723c751e8b465ee728b)  -> (artifact id: 'b0e345a341cc8aef8bb54fac628e7c79') in 0.025993 seconds
Number of updated asset objects reloaded before import = 0
Number of asset objects unloaded after import = 6
========================================================================
Received Import Request.
  Time since last request: 0.032237 seconds.
  path: Assets/basic asset pack/Basic Demon Animations/grinning gremlin/GrinningGremlin.gif
  artifactKey: Guid(86f5d94e29d757d4ca44a850f0cde456) Importer(815301076,1909f56bfc062723c751e8b465ee728b)
Start importing Assets/basic asset pack/Basic Demon Animations/grinning gremlin/GrinningGremlin.gif using Guid(86f5d94e29d757d4ca44a850f0cde456) Importer(815301076,1909f56bfc062723c751e8b465ee728b)  -> (artifact id: '23b7232e267b438f3d68ff6d6fa0e3b1') in 0.020967 seconds
Number of updated asset objects reloaded before import = 0
Number of asset objects unloaded after import = 3
========================================================================
Received Import Request.
  Time since last request: 0.000021 seconds.
  path: Assets/basic asset pack/Basic Demon Animations/grinning gremlin/GrinningGremlin.png
  artifactKey: Guid(7d47c72350db05948832986e46f0e19d) Importer(815301076,1909f56bfc062723c751e8b465ee728b)
Start importing Assets/basic asset pack/Basic Demon Animations/grinning gremlin/GrinningGremlin.png using Guid(7d47c72350db05948832986e46f0e19d) Importer(815301076,1909f56bfc062723c751e8b465ee728b)  -> (artifact id: '2335a42eb4fe9228436254a9c19edcd2') in 0.026359 seconds
Number of updated asset objects reloaded before import = 0
Number of asset objects unloaded after import = 6
========================================================================
Received Import Request.
  Time since last request: 0.892344 seconds.
  path: Assets/GreenNinja/Idle.png
  artifactKey: Guid(b031ab8682885024e8f4b36e9d33eac7) Importer(815301076,1909f56bfc062723c751e8b465ee728b)
Start importing Assets/GreenNinja/Idle.png using Guid(b031ab8682885024e8f4b36e9d33eac7) Importer(815301076,1909f56bfc062723c751e8b465ee728b)  -> (artifact id: '1402f3e993e25d995c75acf67dd0bf42') in 0.027445 seconds
Number of updated asset objects reloaded before import = 0
Number of asset objects unloaded after import = 6
========================================================================
Received Import Request.
  Time since last request: 0.000145 seconds.
  path: Assets/Infierno.png
  artifactKey: Guid(9ed6c036e67daf749a4651bfe759fd23) Importer(815301076,1909f56bfc062723c751e8b465ee728b)
Start importing Assets/Infierno.png using Guid(9ed6c036e67daf749a4651bfe759fd23) Importer(815301076,1909f56bfc062723c751e8b465ee728b)  -> (artifact id: '91ec06fb35f467f5c72821420cce2635') in 0.025273 seconds
Number of updated asset objects reloaded before import = 0
Number of asset objects unloaded after import = 3
========================================================================
Received Import Request.
  Time since last request: 0.033260 seconds.
  path: Assets/Mapa/Infierno.png
  artifactKey: Guid(07adec0c8a1023b459609f17745576c2) Importer(815301076,1909f56bfc062723c751e8b465ee728b)
Start importing Assets/Mapa/Infierno.png using Guid(07adec0c8a1023b459609f17745576c2) Importer(815301076,1909f56bfc062723c751e8b465ee728b)  -> (artifact id: 'b3bd6c9d85ca36ccc4b52af1ab2863b4') in 0.053494 seconds
Number of updated asset objects reloaded before import = 0
Number of asset objects unloaded after import = 3
========================================================================
Received Import Request.
  Time since last request: 0.590372 seconds.
  path: Assets/GreenNinja/Jump.png
  artifactKey: Guid(61ef7e9735b6a744792e1ca03ba595ad) Importer(815301076,1909f56bfc062723c751e8b465ee728b)
Start importing Assets/GreenNinja/Jump.png using Guid(61ef7e9735b6a744792e1ca03ba595ad) Importer(815301076,1909f56bfc062723c751e8b465ee728b)  -> (artifact id: 'cf767fdb343f8b82cd2852d398aad743') in 0.024844 seconds
Number of updated asset objects reloaded before import = 0
Number of asset objects unloaded after import = 3
========================================================================
Received Import Request.
  Time since last request: 7.495871 seconds.
  path: Assets/basic asset pack/Basic Demon Animations/nefarious scamp/NefariousScamp.aseprite
  artifactKey: Guid(d05807233a62c3e4399340eab27cd62a) Importer(815301076,1909f56bfc062723c751e8b465ee728b)
Start importing Assets/basic asset pack/Basic Demon Animations/nefarious scamp/NefariousScamp.aseprite using Guid(d05807233a62c3e4399340eab27cd62a) Importer(815301076,1909f56bfc062723c751e8b465ee728b)  -> (artifact id: '5b0765f6db552ea9cf9214285afaa9d2') in 0.069452 seconds
Number of updated asset objects reloaded before import = 0
Number of asset objects unloaded after import = 15
========================================================================
Received Import Request.
  Time since last request: 0.150716 seconds.
  path: Assets/basic asset pack/Basic Demon Animations/pointed demonspawn/PointedDemonspawn.aseprite
  artifactKey: Guid(421025bc38c10fb45a9d19b971b3920e) Importer(815301076,1909f56bfc062723c751e8b465ee728b)
Start importing Assets/basic asset pack/Basic Demon Animations/pointed demonspawn/PointedDemonspawn.aseprite using Guid(421025bc38c10fb45a9d19b971b3920e) Importer(815301076,1909f56bfc062723c751e8b465ee728b)  -> (artifact id: '5335635467275f95c06e46140e097cee') in 0.036864 seconds
Number of updated asset objects reloaded before import = 0
Number of asset objects unloaded after import = 15
========================================================================
Received Import Request.
  Time since last request: 1.179873 seconds.
  path: Assets/basic asset pack/Basic Demon Animations/tainted scoundrel/TaintedScoundrel.png
  artifactKey: Guid(cecc588f08a775d4b80689ca2b20adf3) Importer(815301076,1909f56bfc062723c751e8b465ee728b)
Start importing Assets/basic asset pack/Basic Demon Animations/tainted scoundrel/TaintedScoundrel.png using Guid(cecc588f08a775d4b80689ca2b20adf3) Importer(815301076,1909f56bfc062723c751e8b465ee728b)  -> (artifact id: '06a78440822078e442eaf57fd6032ca8') in 0.020909 seconds
Number of updated asset objects reloaded before import = 0
Number of asset objects unloaded after import = 3
========================================================================
Received Import Request.
  Time since last request: 0.000020 seconds.
  path: Assets/basic asset pack/Basic Demon Animations/tainted scoundrel/TaintedScoundrel.gif
  artifactKey: Guid(94a4d955727c21247930a13ac5439d93) Importer(815301076,1909f56bfc062723c751e8b465ee728b)
Start importing Assets/basic asset pack/Basic Demon Animations/tainted scoundrel/TaintedScoundrel.gif using Guid(94a4d955727c21247930a13ac5439d93) Importer(815301076,1909f56bfc062723c751e8b465ee728b)  -> (artifact id: '249f8e1f54d7832b8ab521755556bd7c') in 0.021428 seconds
Number of updated asset objects reloaded before import = 0
Number of asset objects unloaded after import = 3
========================================================================
Received Import Request.
  Time since last request: 0.951760 seconds.
  path: Assets/Mapa/Interiores/TilesetHouse.png
  artifactKey: Guid(9d23ccceac4758846b3cb2aa623a52b4) Importer(815301076,1909f56bfc062723c751e8b465ee728b)
Start importing Assets/Mapa/Interiores/TilesetHouse.png using Guid(9d23ccceac4758846b3cb2aa623a52b4) Importer(815301076,1909f56bfc062723c751e8b465ee728b)  -> (artifact id: '63e9139e4b99dee460d8d4f0de5702ef') in 0.033233 seconds
Number of updated asset objects reloaded before import = 0
Number of asset objects unloaded after import = 7
========================================================================
Received Import Request.
  Time since last request: 0.000017 seconds.
  path: Assets/Mapa/Interiores/warp skull/WarpSkull.png
  artifactKey: Guid(e42e9d1db6921954fac236d44e3b9a45) Importer(815301076,1909f56bfc062723c751e8b465ee728b)
Start importing Assets/Mapa/Interiores/warp skull/WarpSkull.png using Guid(e42e9d1db6921954fac236d44e3b9a45) Importer(815301076,1909f56bfc062723c751e8b465ee728b)  -> (artifact id: 'efefdfdd9001d6755973484cfaac7ece') in 0.025754 seconds
Number of updated asset objects reloaded before import = 0
Number of asset objects unloaded after import = 6
========================================================================
Received Import Request.
  Time since last request: 0.045700 seconds.
  path: Assets/UI/Dialog/YesButton.png
  artifactKey: Guid(6fc4546b53d76534eb69d5568f49f4f9) Importer(815301076,1909f56bfc062723c751e8b465ee728b)
Start importing Assets/UI/Dialog/YesButton.png using Guid(6fc4546b53d76534eb69d5568f49f4f9) Importer(815301076,1909f56bfc062723c751e8b465ee728b)  -> (artifact id: '351a682fba96a0616f4f08094324599f') in 0.020038 seconds
Number of updated asset objects reloaded before import = 0
Number of asset objects unloaded after import = 3
========================================================================
Received Import Request.
  Time since last request: 499.842018 seconds.
  path: Assets/Trefab/arbolSeco.prefab
  artifactKey: Guid(33ecbb4a1539ff146b6a612c48d2b29d) Importer(815301076,1909f56bfc062723c751e8b465ee728b)
Start importing Assets/Trefab/arbolSeco.prefab using Guid(33ecbb4a1539ff146b6a612c48d2b29d) Importer(815301076,1909f56bfc062723c751e8b465ee728b)  -> (artifact id: 'cb96b6e956a8987f69a177932bd4773e') in 0.024179 seconds
Number of updated asset objects reloaded before import = 0
Number of asset objects unloaded after import = 8
========================================================================
Received Import Request.
  Time since last request: 0.000024 seconds.
  path: Assets/Trefab/Casa4.prefab
  artifactKey: Guid(cc06df38eab724046a8433a925a682b1) Importer(815301076,1909f56bfc062723c751e8b465ee728b)
Start importing Assets/Trefab/Casa4.prefab using Guid(cc06df38eab724046a8433a925a682b1) Importer(815301076,1909f56bfc062723c751e8b465ee728b)  -> (artifact id: '08b567cb50bab522265ef4ab7120e7f2') in 0.031537 seconds
Number of updated asset objects reloaded before import = 0
Number of asset objects unloaded after import = 8
========================================================================
Received Import Request.
  Time since last request: 0.000113 seconds.
  path: Assets/Trefab/Casa2.prefab
  artifactKey: Guid(be3cee0a682e52a4e85fcb8a4fd81392) Importer(815301076,1909f56bfc062723c751e8b465ee728b)
Start importing Assets/Trefab/Casa2.prefab using Guid(be3cee0a682e52a4e85fcb8a4fd81392) Importer(815301076,1909f56bfc062723c751e8b465ee728b)  -> (artifact id: 'f18eb5abdddeccd10f1ea14c59fad98f') in 0.029503 seconds
Number of updated asset objects reloaded before import = 0
Number of asset objects unloaded after import = 8
========================================================================
Received Import Request.
  Time since last request: 0.000023 seconds.
  path: Assets/Tiles/RPG.prefab
  artifactKey: Guid(baaf1fa696d0ce34dbade3353766c347) Importer(815301076,1909f56bfc062723c751e8b465ee728b)
Start importing Assets/Tiles/RPG.prefab using Guid(baaf1fa696d0ce34dbade3353766c347) Importer(815301076,1909f56bfc062723c751e8b465ee728b)  -> (artifact id: '80b158738f37cf23b0f7d3eb66f60239') in 0.051864 seconds
Number of updated asset objects reloaded before import = 0
Number of asset objects unloaded after import = 78
Editor requested this worker to shutdown with reason: Scaling down because of idle timeout
TcpMessagingSession - receive error: operation aborted. errorcode: 995, details: La operación de E/S se anuló por una salida de subproceso o por una solicitud de aplicación.
AssetImportWorker is now disconnected from the server
Process exiting
Exiting without the bug reporter. Application will terminate with return code 0