Using pre-set license
Built from '2022.3/staging' branch; Version is '2022.3.26f1 (ec6cd8118806) revision 15494360'; Using compiler version '192829333'; Build Type 'Release'
OS: 'Windows 11  (10.0.22631) 64bit CoreSingleLanguage' Language: 'es' Physical Memory: 16088 MB
BatchMode: 1, IsHumanControllingUs: 0, StartBugReporterOnCrash: 0, Is64bit: 1, IsPro: 1

COMMAND LINE ARGUMENTS:
C:\Program Files\Unity\Hub\Editor\2022.3.26f1\Editor\Unity.exe
-adb2
-batchMode
-noUpm
-name
AssetImportWorker2
-projectPath
C:/Users/Giancarlo/Desktop/UNITY_JUEGOS/InPhishing
-logFile
Logs/AssetImportWorker2.log
-srvPort
62411
Successfully changed project path to: C:/Users/Giancarlo/Desktop/UNITY_JUEGOS/InPhishing
C:/Users/Giancarlo/Desktop/UNITY_JUEGOS/InPhishing
[UnityMemory] Configuration Parameters - Can be set up in boot.config
    "memorysetup-bucket-allocator-granularity=16"
    "memorysetup-bucket-allocator-bucket-count=8"
    "memorysetup-bucket-allocator-block-size=33554432"
    "memorysetup-bucket-allocator-block-count=8"
    "memorysetup-main-allocator-block-size=16777216"
    "memorysetup-thread-allocator-block-size=16777216"
    "memorysetup-gfx-main-allocator-block-size=16777216"
    "memorysetup-gfx-thread-allocator-block-size=16777216"
    "memorysetup-cache-allocator-block-size=4194304"
    "memorysetup-typetree-allocator-block-size=2097152"
    "memorysetup-profiler-bucket-allocator-granularity=16"
    "memorysetup-profiler-bucket-allocator-bucket-count=8"
    "memorysetup-profiler-bucket-allocator-block-size=33554432"
    "memorysetup-profiler-bucket-allocator-block-count=8"
    "memorysetup-profiler-allocator-block-size=16777216"
    "memorysetup-profiler-editor-allocator-block-size=1048576"
    "memorysetup-temp-allocator-size-main=16777216"
    "memorysetup-job-temp-allocator-block-size=2097152"
    "memorysetup-job-temp-allocator-block-size-background=1048576"
    "memorysetup-job-temp-allocator-reduction-small-platforms=262144"
    "memorysetup-allocator-temp-initial-block-size-main=262144"
    "memorysetup-allocator-temp-initial-block-size-worker=262144"
    "memorysetup-temp-allocator-size-background-worker=32768"
    "memorysetup-temp-allocator-size-job-worker=262144"
    "memorysetup-temp-allocator-size-preload-manager=33554432"
    "memorysetup-temp-allocator-size-nav-mesh-worker=65536"
    "memorysetup-temp-allocator-size-audio-worker=65536"
    "memorysetup-temp-allocator-size-cloud-worker=32768"
    "memorysetup-temp-allocator-size-gi-baking-worker=262144"
    "memorysetup-temp-allocator-size-gfx=262144"
Player connection [21024] Host "[IP] 10.120.192.19 [Port] 0 [Flags] 2 [Guid] 77956132 [EditorId] 77956132 [Version] 1048832 [Id] WindowsEditor(7,ACER) [Debug] 1 [PackageName] WindowsEditor [ProjectName] Editor" joined multi-casting on [225.0.0.222:54997]...

Player connection [21024] Host "[IP] 10.120.192.19 [Port] 0 [Flags] 2 [Guid] 77956132 [EditorId] 77956132 [Version] 1048832 [Id] WindowsEditor(7,ACER) [Debug] 1 [PackageName] WindowsEditor [ProjectName] Editor" joined alternative multi-casting on [225.0.0.222:34997]...

[Physics::Module] Initialized MultithreadedJobDispatcher with 15 workers.
Refreshing native plugins compatible for Editor in 12.32 ms, found 4 plugins.
Preloading 0 native plugins for Editor in 0.00 ms.
Initialize engine version: 2022.3.26f1 (ec6cd8118806)
[Subsystems] Discovering subsystems at path C:/Program Files/Unity/Hub/Editor/2022.3.26f1/Editor/Data/Resources/UnitySubsystems
[Subsystems] Discovering subsystems at path C:/Users/Giancarlo/Desktop/UNITY_JUEGOS/InPhishing/Assets
GfxDevice: creating device client; threaded=0; jobified=0
Direct3D:
    Version:  Direct3D 11.0 [level 11.1]
    Renderer: NVIDIA GeForce RTX 3050 Laptop GPU (ID=0x25a2)
    Vendor:   NVIDIA
    VRAM:     3991 MB
    Driver:   30.0.15.1274
Initialize mono
Mono path[0] = 'C:/Program Files/Unity/Hub/Editor/2022.3.26f1/Editor/Data/Managed'
Mono path[1] = 'C:/Program Files/Unity/Hub/Editor/2022.3.26f1/Editor/Data/MonoBleedingEdge/lib/mono/unityjit-win32'
Mono config path = 'C:/Program Files/Unity/Hub/Editor/2022.3.26f1/Editor/Data/MonoBleedingEdge/etc'
Using monoOptions --debugger-agent=transport=dt_socket,embedding=1,server=y,suspend=n,address=127.0.0.1:56032
Begin MonoManager ReloadAssembly
Registering precompiled unity dll's ...
Register platform support module: C:/Program Files/Unity/Hub/Editor/2022.3.26f1/Editor/Data/PlaybackEngines/WebGLSupport/UnityEditor.WebGL.Extensions.dll
Register platform support module: C:/Program Files/Unity/Hub/Editor/2022.3.26f1/Editor/Data/PlaybackEngines/WindowsStandaloneSupport/UnityEditor.WindowsStandalone.Extensions.dll
Registered in 0.009048 seconds.
- Loaded All Assemblies, in  0.578 seconds
Native extension for WindowsStandalone target not found
Native extension for WebGL target not found
Mono: successfully reloaded assembly
- Finished resetting the current domain, in  0.506 seconds
Domain Reload Profiling: 1083ms
	BeginReloadAssembly (192ms)
		ExecutionOrderSort (0ms)
		DisableScriptedObjects (0ms)
		BackupInstance (0ms)
		ReleaseScriptingObjects (0ms)
		CreateAndSetChildDomain (1ms)
	RebuildCommonClasses (61ms)
	RebuildNativeTypeToScriptingClass (14ms)
	initialDomainReloadingComplete (82ms)
	LoadAllAssembliesAndSetupDomain (227ms)
		LoadAssemblies (190ms)
		RebuildTransferFunctionScriptingTraits (0ms)
		AnalyzeDomain (224ms)
			TypeCache.Refresh (223ms)
				TypeCache.ScanAssembly (198ms)
			ScanForSourceGeneratedMonoScriptInfo (1ms)
			ResolveRequiredComponents (1ms)
	FinalizeReload (507ms)
		ReleaseScriptCaches (0ms)
		RebuildScriptCaches (0ms)
		SetupLoadedEditorAssemblies (422ms)
			LogAssemblyErrors (0ms)
			InitializePlatformSupportModulesInManaged (17ms)
			SetLoadedEditorAssemblies (9ms)
			RefreshPlugins (0ms)
			BeforeProcessingInitializeOnLoad (12ms)
			ProcessInitializeOnLoadAttributes (294ms)
			ProcessInitializeOnLoadMethodAttributes (90ms)
			AfterProcessingInitializeOnLoad (0ms)
			EditorAssembliesLoaded (0ms)
		ExecutionOrderSort2 (0ms)
		AwakeInstancesAfterBackupRestoration (0ms)
========================================================================
Worker process is ready to serve import requests
Begin MonoManager ReloadAssembly
- Loaded All Assemblies, in  0.973 seconds
Refreshing native plugins compatible for Editor in 5.60 ms, found 4 plugins.
Native extension for WindowsStandalone target not found
Native extension for WebGL target not found
Package Manager log level set to [2]
[Package Manager] Server::EnsureServerProcessIsRunning -- launch failed, reason: Unity was launched with the -noUpm command-line argument
[Package Manager] UpmClient::Send -- Unable to send message (not connected to UPM process).
[Package Manager] Cannot connect to Unity Package Manager local server
Mono: successfully reloaded assembly
- Finished resetting the current domain, in  1.021 seconds
Domain Reload Profiling: 1992ms
	BeginReloadAssembly (213ms)
		ExecutionOrderSort (0ms)
		DisableScriptedObjects (8ms)
		BackupInstance (0ms)
		ReleaseScriptingObjects (0ms)
		CreateAndSetChildDomain (28ms)
	RebuildCommonClasses (57ms)
	RebuildNativeTypeToScriptingClass (16ms)
	initialDomainReloadingComplete (62ms)
	LoadAllAssembliesAndSetupDomain (623ms)
		LoadAssemblies (497ms)
		RebuildTransferFunctionScriptingTraits (0ms)
		AnalyzeDomain (252ms)
			TypeCache.Refresh (209ms)
				TypeCache.ScanAssembly (189ms)
			ScanForSourceGeneratedMonoScriptInfo (32ms)
			ResolveRequiredComponents (10ms)
	FinalizeReload (1022ms)
		ReleaseScriptCaches (0ms)
		RebuildScriptCaches (0ms)
		SetupLoadedEditorAssemblies (777ms)
			LogAssemblyErrors (0ms)
			InitializePlatformSupportModulesInManaged (9ms)
			SetLoadedEditorAssemblies (5ms)
			RefreshPlugins (0ms)
			BeforeProcessingInitializeOnLoad (100ms)
			ProcessInitializeOnLoadAttributes (587ms)
			ProcessInitializeOnLoadMethodAttributes (68ms)
			AfterProcessingInitializeOnLoad (8ms)
			EditorAssembliesLoaded (0ms)
		ExecutionOrderSort2 (0ms)
		AwakeInstancesAfterBackupRestoration (11ms)
Launched and connected shader compiler UnityShaderCompiler.exe after 0.11 seconds
Refreshing native plugins compatible for Editor in 8.92 ms, found 4 plugins.
Preloading 0 native plugins for Editor in 0.00 ms.
Unloading 4228 Unused Serialized files (Serialized files now loaded: 0)
Unloading 78 unused Assets / (136.3 KB). Loaded Objects now: 4688.
Memory consumption went from 152.1 MB to 151.9 MB.
Total: 4.846100 ms (FindLiveObjects: 0.328500 ms CreateObjectMapping: 0.164200 ms MarkObjects: 4.121500 ms  DeleteObjects: 0.229900 ms)

AssetImportParameters requested are different than current active one (requested -> active):
  custom:container-demuxer-ogg: 62fdf1f143b41e24485cea50d1cbac27 -> 
  custom:video-decoder-ogg-theora: a1e56fd34408186e4bbccfd4996cb3dc -> 
  custom:framework-win-MediaFoundation: 216162199b28c13a410421893ffa2e32 -> 
  custom:CustomObjectIndexerAttribute: 9a22284fe3817be447336de3de66b15e -> 
  custom:container-demuxer-webm: 4f35f7cbe854078d1ac9338744f61a02 -> 
  custom:container-muxer-webm: aa71ff27fc2769a1b78a27578f13a17b -> 
  custom:video-decoder-webm-vp8: 9c59270c3fd7afecdb556c50c9e8de78 -> 
  custom:SearchIndexIgnoredProperties: e643bd26f0fe6173181afceb89e7c659 -> 
  custom:AudioImporter_EditorPlatform: d09bf68614088b80899f8185d706f6e7 -> 
  custom:video-encoder-webm-vp8: eb34c28f22e8b96e1ab97ce403110664 -> 
  custom:audio-decoder-ogg-vorbis: bf7c407c2cedff20999df2af8eb42d56 -> 
  custom:audio-encoder-webm-vorbis: bf7c407c2cedff20999df2af8eb42d56 -> 
========================================================================
Received Import Request.
  Time since last request: 60623.572646 seconds.
  path: Assets/Tiles/paso_lava.asset
  artifactKey: Guid(8f441a651c1de9d45bb8f9afe550c79d) Importer(815301076,1909f56bfc062723c751e8b465ee728b)
Start importing Assets/Tiles/paso_lava.asset using Guid(8f441a651c1de9d45bb8f9afe550c79d) Importer(815301076,1909f56bfc062723c751e8b465ee728b)  -> (artifact id: '03baaa5818abb9f25ab4701ecfce758b') in 0.297211 seconds
Number of updated asset objects reloaded before import = 0
Number of asset objects unloaded after import = 6
========================================================================
Received Import Request.
  Time since last request: 1.081384 seconds.
  path: Assets/Tiles/Pasto_quemado.asset
  artifactKey: Guid(8f03d33114990dc4d9cc53cb72a5d088) Importer(815301076,1909f56bfc062723c751e8b465ee728b)
Start importing Assets/Tiles/Pasto_quemado.asset using Guid(8f03d33114990dc4d9cc53cb72a5d088) Importer(815301076,1909f56bfc062723c751e8b465ee728b)  -> (artifact id: 'ad8a2ced3a236b37b20191caf41bdac7') in 0.042974 seconds
Number of updated asset objects reloaded before import = 0
Number of asset objects unloaded after import = 7
========================================================================
Received Import Request.
  Time since last request: 1.600001 seconds.
  path: Assets/Tiles/piso3.asset
  artifactKey: Guid(7396e6158ebe3de43a6bec6b5d2f8286) Importer(815301076,1909f56bfc062723c751e8b465ee728b)
Start importing Assets/Tiles/piso3.asset using Guid(7396e6158ebe3de43a6bec6b5d2f8286) Importer(815301076,1909f56bfc062723c751e8b465ee728b)  -> (artifact id: '3a0a9fef84738b48c6de3942130ad2e5') in 0.014991 seconds
Number of updated asset objects reloaded before import = 0
Number of asset objects unloaded after import = 10
========================================================================
Received Import Request.
  Time since last request: 0.969438 seconds.
  path: Assets/Tiles/Piso.asset
  artifactKey: Guid(93e769956c9fd4b45bf81399d4173b01) Importer(815301076,1909f56bfc062723c751e8b465ee728b)
Start importing Assets/Tiles/Piso.asset using Guid(93e769956c9fd4b45bf81399d4173b01) Importer(815301076,1909f56bfc062723c751e8b465ee728b)  -> (artifact id: 'e5bc91727a8230dfa1bf5118bc1e1460') in 0.039038 seconds
Number of updated asset objects reloaded before import = 0
Number of asset objects unloaded after import = 16
========================================================================
Received Import Request.
  Time since last request: 0.000198 seconds.
  path: Assets/Mapa/Interiores/Mapa_Interiores 2.png
  artifactKey: Guid(5ca021de853ccbb4bae0af793b8ce8aa) Importer(815301076,1909f56bfc062723c751e8b465ee728b)
Start importing Assets/Mapa/Interiores/Mapa_Interiores 2.png using Guid(5ca021de853ccbb4bae0af793b8ce8aa) Importer(815301076,1909f56bfc062723c751e8b465ee728b)  -> (artifact id: '59a511bb56fcfc779662bc083335edf6') in 0.212960 seconds
Number of updated asset objects reloaded before import = 0
Number of asset objects unloaded after import = 49
========================================================================
Received Import Request.
  Time since last request: 58.426481 seconds.
  path: Assets/Tiles/Piso_lava.asset
  artifactKey: Guid(fe2fccc01bf6a4c48b175b7b9171e0d2) Importer(815301076,1909f56bfc062723c751e8b465ee728b)
Start importing Assets/Tiles/Piso_lava.asset using Guid(fe2fccc01bf6a4c48b175b7b9171e0d2) Importer(815301076,1909f56bfc062723c751e8b465ee728b)  -> (artifact id: '7afd8d52e8433e7ae4efb5160494c574') in 0.053490 seconds
Number of updated asset objects reloaded before import = 0
Number of asset objects unloaded after import = 11
========================================================================
Received Import Request.
  Time since last request: 10.030219 seconds.
  path: Assets/Tiles
  artifactKey: Guid(88529a52701041a4c97751c79f6b1b46) Importer(815301076,1909f56bfc062723c751e8b465ee728b)
Start importing Assets/Tiles using Guid(88529a52701041a4c97751c79f6b1b46) Importer(815301076,1909f56bfc062723c751e8b465ee728b)  -> (artifact id: 'b7eea47f307d8200265098b54569e69a') in 0.002921 seconds
Number of updated asset objects reloaded before import = 0
Number of asset objects unloaded after import = 0
========================================================================
Received Import Request.
  Time since last request: 85.948464 seconds.
  path: Assets/Tiles/PrimerCirculo.asset
  artifactKey: Guid(bd6b63af07af96f4184388deeb56e143) Importer(815301076,1909f56bfc062723c751e8b465ee728b)
Start importing Assets/Tiles/PrimerCirculo.asset using Guid(bd6b63af07af96f4184388deeb56e143) Importer(815301076,1909f56bfc062723c751e8b465ee728b)  -> (artifact id: 'd7cbf416a86fbd9875675c4f0bdc3144') in 0.005347 seconds
Number of updated asset objects reloaded before import = 0
Number of asset objects unloaded after import = 1
========================================================================
Received Import Request.
  Time since last request: 13.187365 seconds.
  path: Assets/GreenNinja/_Faceset.png
  artifactKey: Guid(426746002f8c1a645bc4b3e94290327f) Importer(815301076,1909f56bfc062723c751e8b465ee728b)
Start importing Assets/GreenNinja/_Faceset.png using Guid(426746002f8c1a645bc4b3e94290327f) Importer(815301076,1909f56bfc062723c751e8b465ee728b)  -> (artifact id: '2117a0ccc17135e7c23eea4567145691') in 0.022405 seconds
Number of updated asset objects reloaded before import = 0
Number of asset objects unloaded after import = 3
========================================================================
Received Import Request.
  Time since last request: 0.002693 seconds.
  path: Assets/basic asset pack/Basic Demon Animations/antlered rascal/AntleredRascal.aseprite
  artifactKey: Guid(20f3c9c6cca76474ca86b8704b8b1482) Importer(815301076,1909f56bfc062723c751e8b465ee728b)
Start importing Assets/basic asset pack/Basic Demon Animations/antlered rascal/AntleredRascal.aseprite using Guid(20f3c9c6cca76474ca86b8704b8b1482) Importer(815301076,1909f56bfc062723c751e8b465ee728b)  -> (artifact id: '50eace7325b72860b5a4e2d251b1fc16') in 0.108392 seconds
Number of updated asset objects reloaded before import = 0
Number of asset objects unloaded after import = 15
========================================================================
Received Import Request.
  Time since last request: 0.000029 seconds.
  path: Assets/basic asset pack/Basic Demon Animations/clawed abomination/ClawedAbomination.png
  artifactKey: Guid(17947f850e492dc48a05ffba1c30797a) Importer(815301076,1909f56bfc062723c751e8b465ee728b)
Start importing Assets/basic asset pack/Basic Demon Animations/clawed abomination/ClawedAbomination.png using Guid(17947f850e492dc48a05ffba1c30797a) Importer(815301076,1909f56bfc062723c751e8b465ee728b)  -> (artifact id: '2126336d7712749f79b3b7a16ccdd0f7') in 0.036562 seconds
Number of updated asset objects reloaded before import = 0
Number of asset objects unloaded after import = 6
========================================================================
Received Import Request.
  Time since last request: 0.000028 seconds.
  path: Assets/UI/Coin.gif
  artifactKey: Guid(2ef8b078ce66ccf4588bde5f96f15b9d) Importer(815301076,1909f56bfc062723c751e8b465ee728b)
Start importing Assets/UI/Coin.gif using Guid(2ef8b078ce66ccf4588bde5f96f15b9d) Importer(815301076,1909f56bfc062723c751e8b465ee728b)  -> (artifact id: '96f9d18cc8b7d4e371ec1c7d0c5d4761') in 0.028743 seconds
Number of updated asset objects reloaded before import = 0
Number of asset objects unloaded after import = 3
========================================================================
Received Import Request.
  Time since last request: 0.000044 seconds.
  path: Assets/UI/BarraUI.png
  artifactKey: Guid(8efea5aa95110184aa05008a00439d7b) Importer(815301076,1909f56bfc062723c751e8b465ee728b)
Start importing Assets/UI/BarraUI.png using Guid(8efea5aa95110184aa05008a00439d7b) Importer(815301076,1909f56bfc062723c751e8b465ee728b)  -> (artifact id: '45caaed5b76d646f3fb127559125038d') in 0.026451 seconds
Number of updated asset objects reloaded before import = 0
Number of asset objects unloaded after import = 3
========================================================================
Received Import Request.
  Time since last request: 0.000178 seconds.
  path: Assets/UI/Button_Agregar.png
  artifactKey: Guid(4f3c73aa9174d0d459b0cd1b1672f1a0) Importer(815301076,1909f56bfc062723c751e8b465ee728b)
Start importing Assets/UI/Button_Agregar.png using Guid(4f3c73aa9174d0d459b0cd1b1672f1a0) Importer(815301076,1909f56bfc062723c751e8b465ee728b)  -> (artifact id: '05678b37bc65bcf45ad53d813f13a1f4') in 0.022242 seconds
Number of updated asset objects reloaded before import = 0
Number of asset objects unloaded after import = 3
========================================================================
Received Import Request.
  Time since last request: 0.000025 seconds.
  path: Assets/basic asset pack/Basic Demon Animations/crimson imp/CrimsonImp.gif
  artifactKey: Guid(48168579841ba9346815ddf6dbd0ec76) Importer(815301076,1909f56bfc062723c751e8b465ee728b)
Start importing Assets/basic asset pack/Basic Demon Animations/crimson imp/CrimsonImp.gif using Guid(48168579841ba9346815ddf6dbd0ec76) Importer(815301076,1909f56bfc062723c751e8b465ee728b)  -> (artifact id: 'cec9c11ce9e07efc15c91049812ae0fa') in 0.023711 seconds
Number of updated asset objects reloaded before import = 0
Number of asset objects unloaded after import = 3
========================================================================
Received Import Request.
  Time since last request: 0.000027 seconds.
  path: Assets/basic asset pack/Basic Demon Animations/crimson imp/CrimsonImp.png
  artifactKey: Guid(cce0d7011fd4fc04b9da6723bae40717) Importer(815301076,1909f56bfc062723c751e8b465ee728b)
Start importing Assets/basic asset pack/Basic Demon Animations/crimson imp/CrimsonImp.png using Guid(cce0d7011fd4fc04b9da6723bae40717) Importer(815301076,1909f56bfc062723c751e8b465ee728b)  -> (artifact id: 'e593347d4a4a2cf14beac004baa12b73') in 0.032954 seconds
Number of updated asset objects reloaded before import = 0
Number of asset objects unloaded after import = 6
========================================================================
Received Import Request.
  Time since last request: 0.000026 seconds.
  path: Assets/UI/Dialog/Arrow.png
  artifactKey: Guid(c4bca5e9fda4e9e4b8dcb39729f3d043) Importer(815301076,1909f56bfc062723c751e8b465ee728b)
Start importing Assets/UI/Dialog/Arrow.png using Guid(c4bca5e9fda4e9e4b8dcb39729f3d043) Importer(815301076,1909f56bfc062723c751e8b465ee728b)  -> (artifact id: 'c834d2e5be0304190728a7b5792caaee') in 0.025153 seconds
Number of updated asset objects reloaded before import = 0
Number of asset objects unloaded after import = 3
========================================================================
Received Import Request.
  Time since last request: 0.000035 seconds.
  path: Assets/UI/Dialog/ChoiceBox.png
  artifactKey: Guid(b4a674bee828e384b8b466895eccee1b) Importer(815301076,1909f56bfc062723c751e8b465ee728b)
Start importing Assets/UI/Dialog/ChoiceBox.png using Guid(b4a674bee828e384b8b466895eccee1b) Importer(815301076,1909f56bfc062723c751e8b465ee728b)  -> (artifact id: '6e39fc6c999627fe1ce35c7fc7146f32') in 0.026996 seconds
Number of updated asset objects reloaded before import = 0
Number of asset objects unloaded after import = 3
========================================================================
Received Import Request.
  Time since last request: 1.477691 seconds.
  path: Assets/basic asset pack/Basic Demon Animations/crimson imp/CrimsonImp.aseprite
  artifactKey: Guid(4fdfaa9efee2f964b92352d0f2939651) Importer(815301076,1909f56bfc062723c751e8b465ee728b)
Start importing Assets/basic asset pack/Basic Demon Animations/crimson imp/CrimsonImp.aseprite using Guid(4fdfaa9efee2f964b92352d0f2939651) Importer(815301076,1909f56bfc062723c751e8b465ee728b)  -> (artifact id: '2ec2630dc489cec2ad34d8bad0bb4ee8') in 0.044340 seconds
Number of updated asset objects reloaded before import = 0
Number of asset objects unloaded after import = 15
========================================================================
Received Import Request.
  Time since last request: 0.000029 seconds.
  path: Assets/basic asset pack/Basic Demon Animations/Depraved Blackguard/DepravedBlackguard.gif
  artifactKey: Guid(b2929e9f350006d418b78e299aa213cf) Importer(815301076,1909f56bfc062723c751e8b465ee728b)
Start importing Assets/basic asset pack/Basic Demon Animations/Depraved Blackguard/DepravedBlackguard.gif using Guid(b2929e9f350006d418b78e299aa213cf) Importer(815301076,1909f56bfc062723c751e8b465ee728b)  -> (artifact id: '75e0e0ea6d42e1bc507b43506385d257') in 0.025178 seconds
Number of updated asset objects reloaded before import = 0
Number of asset objects unloaded after import = 3
Editor requested this worker to shutdown with reason: Scaling down because of idle timeout
TcpMessagingSession - receive error: operation aborted. errorcode: 995, details: La operación de E/S se anuló por una salida de subproceso o por una solicitud de aplicación.
AssetImportWorker is now disconnected from the server
Process exiting
Exiting without the bug reporter. Application will terminate with return code 0